2021/10/07 20:06:48 [emerg] 1#1: duplicate location "/" in /etc/nginx/conf.d/app.conf:10
2021/10/07 20:06:50 [emerg] 1#1: duplicate location "/" in /etc/nginx/conf.d/app.conf:10
2021/10/07 20:06:52 [emerg] 1#1: duplicate location "/" in /etc/nginx/conf.d/app.conf:10
2021/10/07 20:06:54 [emerg] 1#1: duplicate location "/" in /etc/nginx/conf.d/app.conf:10
2021/10/07 20:06:56 [emerg] 1#1: duplicate location "/" in /etc/nginx/conf.d/app.conf:10
2021/10/07 20:06:59 [emerg] 1#1: duplicate location "/" in /etc/nginx/conf.d/app.conf:10
2021/10/07 20:07:03 [emerg] 1#1: duplicate location "/" in /etc/nginx/conf.d/app.conf:10
2021/10/07 20:07:11 [emerg] 1#1: duplicate location "/" in /etc/nginx/conf.d/app.conf:10
2021/10/07 20:07:25 [emerg] 1#1: duplicate location "/" in /etc/nginx/conf.d/app.conf:10
2021/10/07 20:07:52 [emerg] 1#1: duplicate location "/" in /etc/nginx/conf.d/app.conf:10
2021/10/07 20:08:18 [emerg] 1#1: duplicate location "/" in /etc/nginx/conf.d/app.conf:10
2021/10/07 20:08:20 [emerg] 1#1: duplicate location "/" in /etc/nginx/conf.d/app.conf:10
2021/10/07 20:08:22 [emerg] 1#1: duplicate location "/" in /etc/nginx/conf.d/app.conf:10
2021/10/07 20:08:24 [emerg] 1#1: duplicate location "/" in /etc/nginx/conf.d/app.conf:10
2021/10/07 20:08:26 [emerg] 1#1: duplicate location "/" in /etc/nginx/conf.d/app.conf:10
2021/10/07 20:08:29 [emerg] 1#1: duplicate location "/" in /etc/nginx/conf.d/app.conf:10
2021/10/07 20:08:33 [emerg] 1#1: duplicate location "/" in /etc/nginx/conf.d/app.conf:10
2021/10/07 20:08:41 [emerg] 1#1: duplicate location "/" in /etc/nginx/conf.d/app.conf:10
2021/10/07 20:08:55 [emerg] 1#1: duplicate location "/" in /etc/nginx/conf.d/app.conf:10
2021/10/07 20:09:22 [emerg] 1#1: duplicate location "/" in /etc/nginx/conf.d/app.conf:10
2021/10/07 20:10:14 [notice] 1#1: using the "epoll" event method
2021/10/07 20:10:14 [notice] 1#1: nginx/1.21.3
2021/10/07 20:10:14 [notice] 1#1: built by gcc 8.3.0 (Debian 8.3.0-6) 
2021/10/07 20:10:14 [notice] 1#1: OS: Linux 5.10.16.3-microsoft-standard-WSL2
2021/10/07 20:10:14 [notice] 1#1: getrlimit(RLIMIT_NOFILE): 1048576:1048576
2021/10/07 20:10:14 [notice] 1#1: start worker processes
2021/10/07 20:10:14 [notice] 1#1: start worker process 23
2021/10/07 20:10:14 [notice] 1#1: start worker process 24
2021/10/07 20:10:14 [notice] 1#1: start worker process 25
2021/10/07 20:10:14 [notice] 1#1: start worker process 26
2021/10/07 20:10:14 [notice] 1#1: start worker process 27
2021/10/07 20:10:14 [notice] 1#1: start worker process 28
2021/10/07 20:10:14 [notice] 1#1: start worker process 29
2021/10/07 20:10:14 [notice] 1#1: start worker process 30
2021/10/07 20:10:14 [notice] 1#1: start worker process 31
2021/10/07 20:10:14 [notice] 1#1: start worker process 32
2021/10/07 20:10:14 [notice] 1#1: start worker process 33
2021/10/07 20:10:14 [notice] 1#1: start worker process 34
2021/10/07 20:10:14 [notice] 1#1: start worker process 35
2021/10/07 20:10:14 [notice] 1#1: start worker process 36
2021/10/07 20:10:14 [notice] 1#1: start worker process 37
2021/10/07 20:10:14 [notice] 1#1: start worker process 38
2021/10/07 20:10:14 [notice] 1#1: start worker process 39
2021/10/07 20:10:14 [notice] 1#1: start worker process 40
2021/10/07 20:10:14 [notice] 1#1: start worker process 41
2021/10/07 20:10:14 [notice] 1#1: start worker process 42
2021/10/07 20:10:14 [notice] 1#1: start worker process 43
2021/10/07 20:10:14 [notice] 1#1: start worker process 44
2021/10/07 20:10:14 [notice] 1#1: start worker process 45
2021/10/07 20:10:14 [notice] 1#1: start worker process 46
2021/10/07 20:11:17 [notice] 54#54: signal process started
2021/10/07 20:11:17 [notice] 1#1: signal 1 (SIGHUP) received from 54, reconfiguring
2021/10/07 20:11:17 [notice] 1#1: reconfiguring
2021/10/07 20:11:17 [notice] 1#1: using the "epoll" event method
2021/10/07 20:11:17 [notice] 1#1: start worker processes
2021/10/07 20:11:17 [notice] 1#1: start worker process 55
2021/10/07 20:11:17 [notice] 1#1: start worker process 56
2021/10/07 20:11:17 [notice] 1#1: start worker process 57
2021/10/07 20:11:17 [notice] 1#1: start worker process 58
2021/10/07 20:11:17 [notice] 1#1: start worker process 59
2021/10/07 20:11:17 [notice] 1#1: start worker process 60
2021/10/07 20:11:17 [notice] 1#1: start worker process 61
2021/10/07 20:11:17 [notice] 1#1: start worker process 62
2021/10/07 20:11:17 [notice] 1#1: start worker process 63
2021/10/07 20:11:17 [notice] 1#1: start worker process 64
2021/10/07 20:11:17 [notice] 1#1: start worker process 65
2021/10/07 20:11:17 [notice] 1#1: start worker process 66
2021/10/07 20:11:17 [notice] 1#1: start worker process 67
2021/10/07 20:11:17 [notice] 1#1: start worker process 68
2021/10/07 20:11:17 [notice] 1#1: start worker process 69
2021/10/07 20:11:17 [notice] 1#1: start worker process 70
2021/10/07 20:11:17 [notice] 1#1: start worker process 71
2021/10/07 20:11:17 [notice] 1#1: start worker process 72
2021/10/07 20:11:17 [notice] 1#1: start worker process 73
2021/10/07 20:11:17 [notice] 1#1: start worker process 74
2021/10/07 20:11:17 [notice] 1#1: start worker process 75
2021/10/07 20:11:17 [notice] 1#1: start worker process 76
2021/10/07 20:11:17 [notice] 1#1: start worker process 77
2021/10/07 20:11:17 [notice] 1#1: start worker process 78
2021/10/07 20:11:17 [notice] 23#23: gracefully shutting down
2021/10/07 20:11:17 [notice] 38#38: gracefully shutting down
2021/10/07 20:11:17 [notice] 24#24: gracefully shutting down
2021/10/07 20:11:17 [notice] 24#24: exiting
2021/10/07 20:11:17 [notice] 26#26: gracefully shutting down
2021/10/07 20:11:17 [notice] 26#26: exiting
2021/10/07 20:11:17 [notice] 25#25: gracefully shutting down
2021/10/07 20:11:17 [notice] 25#25: exiting
2021/10/07 20:11:17 [notice] 27#27: gracefully shutting down
2021/10/07 20:11:17 [notice] 27#27: exiting
2021/10/07 20:11:17 [notice] 28#28: gracefully shutting down
2021/10/07 20:11:17 [notice] 29#29: gracefully shutting down
2021/10/07 20:11:17 [notice] 31#31: gracefully shutting down
2021/10/07 20:11:17 [notice] 30#30: gracefully shutting down
2021/10/07 20:11:17 [notice] 30#30: exiting
2021/10/07 20:11:17 [notice] 32#32: gracefully shutting down
2021/10/07 20:11:17 [notice] 33#33: gracefully shutting down
2021/10/07 20:11:17 [notice] 33#33: exiting
2021/10/07 20:11:17 [notice] 34#34: gracefully shutting down
2021/10/07 20:11:17 [notice] 34#34: exiting
2021/10/07 20:11:17 [notice] 36#36: gracefully shutting down
2021/10/07 20:11:17 [notice] 36#36: exiting
2021/10/07 20:11:17 [notice] 35#35: gracefully shutting down
2021/10/07 20:11:17 [notice] 35#35: exiting
2021/10/07 20:11:17 [notice] 37#37: gracefully shutting down
2021/10/07 20:11:17 [notice] 37#37: exiting
2021/10/07 20:11:17 [notice] 39#39: gracefully shutting down
2021/10/07 20:11:17 [notice] 23#23: exiting
2021/10/07 20:11:17 [notice] 40#40: gracefully shutting down
2021/10/07 20:11:17 [notice] 41#41: gracefully shutting down
2021/10/07 20:11:17 [notice] 41#41: exiting
2021/10/07 20:11:17 [notice] 42#42: gracefully shutting down
2021/10/07 20:11:17 [notice] 43#43: gracefully shutting down
2021/10/07 20:11:17 [notice] 44#44: gracefully shutting down
2021/10/07 20:11:17 [notice] 45#45: gracefully shutting down
2021/10/07 20:11:17 [notice] 46#46: gracefully shutting down
2021/10/07 20:11:17 [notice] 46#46: exiting
2021/10/07 20:11:17 [notice] 38#38: exiting
2021/10/07 20:11:17 [notice] 24#24: exit
2021/10/07 20:11:17 [notice] 26#26: exit
2021/10/07 20:11:17 [notice] 25#25: exit
2021/10/07 20:11:17 [notice] 27#27: exit
2021/10/07 20:11:17 [notice] 28#28: exiting
2021/10/07 20:11:17 [notice] 29#29: exiting
2021/10/07 20:11:17 [notice] 31#31: exiting
2021/10/07 20:11:17 [notice] 30#30: exit
2021/10/07 20:11:17 [notice] 32#32: exiting
2021/10/07 20:11:17 [notice] 33#33: exit
2021/10/07 20:11:17 [notice] 34#34: exit
2021/10/07 20:11:17 [notice] 36#36: exit
2021/10/07 20:11:17 [notice] 35#35: exit
2021/10/07 20:11:17 [notice] 37#37: exit
2021/10/07 20:11:17 [notice] 39#39: exiting
2021/10/07 20:11:17 [notice] 23#23: exit
2021/10/07 20:11:17 [notice] 40#40: exiting
2021/10/07 20:11:17 [notice] 41#41: exit
2021/10/07 20:11:17 [notice] 42#42: exiting
2021/10/07 20:11:17 [notice] 43#43: exiting
2021/10/07 20:11:17 [notice] 44#44: exiting
2021/10/07 20:11:17 [notice] 45#45: exiting
2021/10/07 20:11:17 [notice] 45#45: exit
2021/10/07 20:11:17 [notice] 46#46: exit
2021/10/07 20:11:17 [notice] 38#38: exit
2021/10/07 20:11:17 [notice] 28#28: exit
2021/10/07 20:11:17 [notice] 29#29: exit
2021/10/07 20:11:17 [notice] 31#31: exit
2021/10/07 20:11:17 [notice] 32#32: exit
2021/10/07 20:11:17 [notice] 39#39: exit
2021/10/07 20:11:17 [notice] 40#40: exit
2021/10/07 20:11:17 [notice] 42#42: exit
2021/10/07 20:11:17 [notice] 43#43: exit
2021/10/07 20:11:17 [notice] 44#44: exit
2021/10/07 20:11:17 [notice] 1#1: signal 17 (SIGCHLD) received from 26
2021/10/07 20:11:17 [notice] 1#1: worker process 23 exited with code 0
2021/10/07 20:11:17 [notice] 1#1: worker process 24 exited with code 0
2021/10/07 20:11:17 [notice] 1#1: worker process 26 exited with code 0
2021/10/07 20:11:17 [notice] 1#1: worker process 28 exited with code 0
2021/10/07 20:11:17 [notice] 1#1: worker process 29 exited with code 0
2021/10/07 20:11:17 [notice] 1#1: worker process 32 exited with code 0
2021/10/07 20:11:17 [notice] 1#1: worker process 33 exited with code 0
2021/10/07 20:11:17 [notice] 1#1: worker process 36 exited with code 0
2021/10/07 20:11:17 [notice] 1#1: worker process 38 exited with code 0
2021/10/07 20:11:17 [notice] 1#1: worker process 45 exited with code 0
2021/10/07 20:11:17 [notice] 1#1: worker process 46 exited with code 0
2021/10/07 20:11:17 [notice] 1#1: signal 29 (SIGIO) received
2021/10/07 20:11:17 [notice] 1#1: signal 17 (SIGCHLD) received from 29
2021/10/07 20:11:17 [notice] 1#1: signal 17 (SIGCHLD) received from 27
2021/10/07 20:11:17 [notice] 1#1: worker process 27 exited with code 0
2021/10/07 20:11:17 [notice] 1#1: worker process 31 exited with code 0
2021/10/07 20:11:17 [notice] 1#1: worker process 34 exited with code 0
2021/10/07 20:11:17 [notice] 1#1: worker process 35 exited with code 0
2021/10/07 20:11:17 [notice] 1#1: worker process 37 exited with code 0
2021/10/07 20:11:17 [notice] 1#1: worker process 40 exited with code 0
2021/10/07 20:11:17 [notice] 1#1: signal 29 (SIGIO) received
2021/10/07 20:11:17 [notice] 1#1: signal 17 (SIGCHLD) received from 40
2021/10/07 20:11:17 [notice] 1#1: signal 17 (SIGCHLD) received from 41
2021/10/07 20:11:17 [notice] 1#1: worker process 30 exited with code 0
2021/10/07 20:11:17 [notice] 1#1: worker process 39 exited with code 0
2021/10/07 20:11:17 [notice] 1#1: worker process 41 exited with code 0
2021/10/07 20:11:17 [notice] 1#1: worker process 42 exited with code 0
2021/10/07 20:11:17 [notice] 1#1: worker process 44 exited with code 0
2021/10/07 20:11:17 [notice] 1#1: signal 29 (SIGIO) received
2021/10/07 20:11:17 [notice] 1#1: signal 17 (SIGCHLD) received from 43
2021/10/07 20:11:17 [notice] 1#1: worker process 43 exited with code 0
2021/10/07 20:11:17 [notice] 1#1: signal 29 (SIGIO) received
2021/10/07 20:11:17 [notice] 1#1: signal 17 (SIGCHLD) received from 25
2021/10/07 20:11:17 [notice] 1#1: worker process 25 exited with code 0
2021/10/07 20:11:17 [notice] 1#1: signal 29 (SIGIO) received
2021/10/07 20:11:21 [error] 55#55: *1 "/data/www/index.html" is not found (2: No such file or directory), client: 172.19.0.1, server: , request: "GET / HTTP/1.1", host: "localhost"
2021/10/07 20:11:21 [error] 55#55: *1 open() "/data/www/favicon.ico" failed (2: No such file or directory), client: 172.19.0.1, server: , request: "GET /favicon.ico HTTP/1.1", host: "localhost", referrer: "http://localhost/"
2021/10/07 20:11:30 [emerg] 79#79: directive "listen" is not terminated by ";" in /etc/nginx/conf.d/app.conf:3
2021/10/07 20:12:14 [notice] 80#80: signal process started
2021/10/07 20:12:14 [notice] 1#1: signal 1 (SIGHUP) received from 80, reconfiguring
2021/10/07 20:12:14 [notice] 1#1: reconfiguring
2021/10/07 20:12:14 [notice] 1#1: using the "epoll" event method
2021/10/07 20:12:14 [notice] 1#1: start worker processes
2021/10/07 20:12:14 [notice] 1#1: start worker process 81
2021/10/07 20:12:14 [notice] 1#1: start worker process 82
2021/10/07 20:12:14 [notice] 1#1: start worker process 83
2021/10/07 20:12:14 [notice] 1#1: start worker process 84
2021/10/07 20:12:14 [notice] 1#1: start worker process 85
2021/10/07 20:12:14 [notice] 1#1: start worker process 86
2021/10/07 20:12:14 [notice] 1#1: start worker process 87
2021/10/07 20:12:14 [notice] 1#1: start worker process 88
2021/10/07 20:12:14 [notice] 1#1: start worker process 89
2021/10/07 20:12:14 [notice] 1#1: start worker process 90
2021/10/07 20:12:14 [notice] 1#1: start worker process 91
2021/10/07 20:12:14 [notice] 1#1: start worker process 92
2021/10/07 20:12:14 [notice] 1#1: start worker process 93
2021/10/07 20:12:14 [notice] 1#1: start worker process 94
2021/10/07 20:12:14 [notice] 1#1: start worker process 95
2021/10/07 20:12:14 [notice] 1#1: start worker process 96
2021/10/07 20:12:14 [notice] 1#1: start worker process 97
2021/10/07 20:12:14 [notice] 1#1: start worker process 98
2021/10/07 20:12:14 [notice] 1#1: start worker process 99
2021/10/07 20:12:14 [notice] 1#1: start worker process 100
2021/10/07 20:12:14 [notice] 1#1: start worker process 101
2021/10/07 20:12:14 [notice] 1#1: start worker process 102
2021/10/07 20:12:14 [notice] 1#1: start worker process 103
2021/10/07 20:12:14 [notice] 1#1: start worker process 104
2021/10/07 20:12:15 [notice] 55#55: gracefully shutting down
2021/10/07 20:12:15 [notice] 69#69: gracefully shutting down
2021/10/07 20:12:15 [notice] 56#56: gracefully shutting down
2021/10/07 20:12:15 [notice] 57#57: gracefully shutting down
2021/10/07 20:12:15 [notice] 58#58: gracefully shutting down
2021/10/07 20:12:15 [notice] 58#58: exiting
2021/10/07 20:12:15 [notice] 59#59: gracefully shutting down
2021/10/07 20:12:15 [notice] 59#59: exiting
2021/10/07 20:12:15 [notice] 60#60: gracefully shutting down
2021/10/07 20:12:15 [notice] 62#62: gracefully shutting down
2021/10/07 20:12:15 [notice] 62#62: exiting
2021/10/07 20:12:15 [notice] 61#61: gracefully shutting down
2021/10/07 20:12:15 [notice] 63#63: gracefully shutting down
2021/10/07 20:12:15 [notice] 64#64: gracefully shutting down
2021/10/07 20:12:15 [notice] 64#64: exiting
2021/10/07 20:12:15 [notice] 65#65: gracefully shutting down
2021/10/07 20:12:15 [notice] 65#65: exiting
2021/10/07 20:12:15 [notice] 66#66: gracefully shutting down
2021/10/07 20:12:15 [notice] 67#67: gracefully shutting down
2021/10/07 20:12:15 [notice] 68#68: gracefully shutting down
2021/10/07 20:12:15 [notice] 68#68: exiting
2021/10/07 20:12:15 [notice] 70#70: gracefully shutting down
2021/10/07 20:12:15 [notice] 71#71: gracefully shutting down
2021/10/07 20:12:15 [notice] 71#71: exiting
2021/10/07 20:12:15 [notice] 72#72: gracefully shutting down
2021/10/07 20:12:15 [notice] 72#72: exiting
2021/10/07 20:12:15 [notice] 73#73: gracefully shutting down
2021/10/07 20:12:15 [notice] 73#73: exiting
2021/10/07 20:12:15 [notice] 55#55: exiting
2021/10/07 20:12:15 [notice] 74#74: gracefully shutting down
2021/10/07 20:12:15 [notice] 75#75: gracefully shutting down
2021/10/07 20:12:15 [notice] 75#75: exiting
2021/10/07 20:12:15 [notice] 76#76: gracefully shutting down
2021/10/07 20:12:15 [notice] 77#77: gracefully shutting down
2021/10/07 20:12:15 [notice] 77#77: exiting
2021/10/07 20:12:15 [notice] 78#78: gracefully shutting down
2021/10/07 20:12:15 [notice] 69#69: exiting
2021/10/07 20:12:15 [notice] 56#56: exiting
2021/10/07 20:12:15 [notice] 56#56: exit
2021/10/07 20:12:15 [notice] 57#57: exiting
2021/10/07 20:12:15 [notice] 58#58: exit
2021/10/07 20:12:15 [notice] 59#59: exit
2021/10/07 20:12:15 [notice] 60#60: exiting
2021/10/07 20:12:15 [notice] 62#62: exit
2021/10/07 20:12:15 [notice] 61#61: exiting
2021/10/07 20:12:15 [notice] 63#63: exiting
2021/10/07 20:12:15 [notice] 64#64: exit
2021/10/07 20:12:15 [notice] 65#65: exit
2021/10/07 20:12:15 [notice] 66#66: exiting
2021/10/07 20:12:15 [notice] 67#67: exiting
2021/10/07 20:12:15 [notice] 68#68: exit
2021/10/07 20:12:15 [notice] 70#70: exiting
2021/10/07 20:12:15 [notice] 71#71: exit
2021/10/07 20:12:15 [notice] 72#72: exit
2021/10/07 20:12:15 [notice] 73#73: exit
2021/10/07 20:12:15 [notice] 55#55: exit
2021/10/07 20:12:15 [notice] 74#74: exiting
2021/10/07 20:12:15 [notice] 75#75: exit
2021/10/07 20:12:15 [notice] 76#76: exiting
2021/10/07 20:12:15 [notice] 77#77: exit
2021/10/07 20:12:15 [notice] 78#78: exiting
2021/10/07 20:12:15 [notice] 69#69: exit
2021/10/07 20:12:15 [notice] 57#57: exit
2021/10/07 20:12:15 [notice] 60#60: exit
2021/10/07 20:12:15 [notice] 61#61: exit
2021/10/07 20:12:15 [notice] 63#63: exit
2021/10/07 20:12:15 [notice] 66#66: exit
2021/10/07 20:12:15 [notice] 67#67: exit
2021/10/07 20:12:15 [notice] 70#70: exit
2021/10/07 20:12:15 [notice] 74#74: exit
2021/10/07 20:12:15 [notice] 76#76: exit
2021/10/07 20:12:15 [notice] 78#78: exit
2021/10/07 20:12:15 [notice] 1#1: signal 17 (SIGCHLD) received from 77
2021/10/07 20:12:15 [notice] 1#1: worker process 58 exited with code 0
2021/10/07 20:12:15 [notice] 1#1: worker process 62 exited with code 0
2021/10/07 20:12:15 [notice] 1#1: worker process 64 exited with code 0
2021/10/07 20:12:15 [notice] 1#1: worker process 69 exited with code 0
2021/10/07 20:12:15 [notice] 1#1: worker process 75 exited with code 0
2021/10/07 20:12:15 [notice] 1#1: worker process 77 exited with code 0
2021/10/07 20:12:15 [notice] 1#1: signal 29 (SIGIO) received
2021/10/07 20:12:15 [notice] 1#1: signal 17 (SIGCHLD) received from 64
2021/10/07 20:12:15 [notice] 1#1: signal 17 (SIGCHLD) received from 63
2021/10/07 20:12:15 [notice] 1#1: worker process 55 exited with code 0
2021/10/07 20:12:15 [notice] 1#1: worker process 57 exited with code 0
2021/10/07 20:12:15 [notice] 1#1: worker process 59 exited with code 0
2021/10/07 20:12:15 [notice] 1#1: worker process 60 exited with code 0
2021/10/07 20:12:15 [notice] 1#1: worker process 61 exited with code 0
2021/10/07 20:12:15 [notice] 1#1: worker process 63 exited with code 0
2021/10/07 20:12:15 [notice] 1#1: worker process 65 exited with code 0
2021/10/07 20:12:15 [notice] 1#1: worker process 66 exited with code 0
2021/10/07 20:12:15 [notice] 1#1: worker process 67 exited with code 0
2021/10/07 20:12:15 [notice] 1#1: worker process 68 exited with code 0
2021/10/07 20:12:15 [notice] 1#1: worker process 70 exited with code 0
2021/10/07 20:12:15 [notice] 1#1: worker process 71 exited with code 0
2021/10/07 20:12:15 [notice] 1#1: worker process 72 exited with code 0
2021/10/07 20:12:15 [notice] 1#1: worker process 73 exited with code 0
2021/10/07 20:12:15 [notice] 1#1: worker process 74 exited with code 0
2021/10/07 20:12:15 [notice] 1#1: worker process 76 exited with code 0
2021/10/07 20:12:15 [notice] 1#1: worker process 78 exited with code 0
2021/10/07 20:12:15 [notice] 1#1: signal 29 (SIGIO) received
2021/10/07 20:12:15 [notice] 1#1: signal 17 (SIGCHLD) received from 61
2021/10/07 20:12:15 [notice] 1#1: signal 17 (SIGCHLD) received from 56
2021/10/07 20:12:15 [notice] 1#1: worker process 56 exited with code 0
2021/10/07 20:12:15 [notice] 1#1: signal 29 (SIGIO) received
2021/10/07 20:13:11 [notice] 105#105: signal process started
2021/10/07 20:13:11 [notice] 1#1: signal 1 (SIGHUP) received from 105, reconfiguring
2021/10/07 20:13:11 [notice] 1#1: reconfiguring
2021/10/07 20:13:11 [notice] 1#1: using the "epoll" event method
2021/10/07 20:13:11 [notice] 1#1: start worker processes
2021/10/07 20:13:11 [notice] 1#1: start worker process 106
2021/10/07 20:13:11 [notice] 1#1: start worker process 107
2021/10/07 20:13:11 [notice] 1#1: start worker process 108
2021/10/07 20:13:11 [notice] 1#1: start worker process 109
2021/10/07 20:13:11 [notice] 1#1: start worker process 110
2021/10/07 20:13:11 [notice] 1#1: start worker process 111
2021/10/07 20:13:11 [notice] 1#1: start worker process 112
2021/10/07 20:13:11 [notice] 1#1: start worker process 113
2021/10/07 20:13:11 [notice] 1#1: start worker process 114
2021/10/07 20:13:11 [notice] 1#1: start worker process 115
2021/10/07 20:13:11 [notice] 1#1: start worker process 116
2021/10/07 20:13:11 [notice] 1#1: start worker process 117
2021/10/07 20:13:11 [notice] 1#1: start worker process 118
2021/10/07 20:13:11 [notice] 1#1: start worker process 119
2021/10/07 20:13:11 [notice] 1#1: start worker process 120
2021/10/07 20:13:11 [notice] 1#1: start worker process 121
2021/10/07 20:13:11 [notice] 1#1: start worker process 122
2021/10/07 20:13:11 [notice] 1#1: start worker process 123
2021/10/07 20:13:11 [notice] 1#1: start worker process 124
2021/10/07 20:13:11 [notice] 1#1: start worker process 125
2021/10/07 20:13:11 [notice] 1#1: start worker process 126
2021/10/07 20:13:11 [notice] 1#1: start worker process 127
2021/10/07 20:13:11 [notice] 1#1: start worker process 128
2021/10/07 20:13:11 [notice] 1#1: start worker process 129
2021/10/07 20:13:11 [notice] 81#81: gracefully shutting down
2021/10/07 20:13:11 [notice] 94#94: gracefully shutting down
2021/10/07 20:13:11 [notice] 82#82: gracefully shutting down
2021/10/07 20:13:11 [notice] 82#82: exiting
2021/10/07 20:13:11 [notice] 83#83: gracefully shutting down
2021/10/07 20:13:11 [notice] 83#83: exiting
2021/10/07 20:13:11 [notice] 84#84: gracefully shutting down
2021/10/07 20:13:11 [notice] 84#84: exiting
2021/10/07 20:13:11 [notice] 85#85: gracefully shutting down
2021/10/07 20:13:11 [notice] 85#85: exiting
2021/10/07 20:13:11 [notice] 86#86: gracefully shutting down
2021/10/07 20:13:11 [notice] 86#86: exiting
2021/10/07 20:13:11 [notice] 87#87: gracefully shutting down
2021/10/07 20:13:11 [notice] 87#87: exiting
2021/10/07 20:13:11 [notice] 88#88: gracefully shutting down
2021/10/07 20:13:11 [notice] 88#88: exiting
2021/10/07 20:13:11 [notice] 89#89: gracefully shutting down
2021/10/07 20:13:11 [notice] 89#89: exiting
2021/10/07 20:13:11 [notice] 90#90: gracefully shutting down
2021/10/07 20:13:11 [notice] 90#90: exiting
2021/10/07 20:13:11 [notice] 91#91: gracefully shutting down
2021/10/07 20:13:11 [notice] 91#91: exiting
2021/10/07 20:13:11 [notice] 92#92: gracefully shutting down
2021/10/07 20:13:11 [notice] 93#93: gracefully shutting down
2021/10/07 20:13:11 [notice] 93#93: exiting
2021/10/07 20:13:11 [notice] 95#95: gracefully shutting down
2021/10/07 20:13:11 [notice] 97#97: gracefully shutting down
2021/10/07 20:13:11 [notice] 97#97: exiting
2021/10/07 20:13:11 [notice] 81#81: exiting
2021/10/07 20:13:11 [notice] 96#96: gracefully shutting down
2021/10/07 20:13:11 [notice] 96#96: exiting
2021/10/07 20:13:11 [notice] 98#98: gracefully shutting down
2021/10/07 20:13:11 [notice] 100#100: gracefully shutting down
2021/10/07 20:13:11 [notice] 99#99: gracefully shutting down
2021/10/07 20:13:11 [notice] 101#101: gracefully shutting down
2021/10/07 20:13:11 [notice] 102#102: gracefully shutting down
2021/10/07 20:13:11 [notice] 102#102: exiting
2021/10/07 20:13:11 [notice] 103#103: gracefully shutting down
2021/10/07 20:13:11 [notice] 103#103: exiting
2021/10/07 20:13:11 [notice] 104#104: gracefully shutting down
2021/10/07 20:13:11 [notice] 104#104: exiting
2021/10/07 20:13:11 [notice] 94#94: exiting
2021/10/07 20:13:11 [notice] 82#82: exit
2021/10/07 20:13:11 [notice] 83#83: exit
2021/10/07 20:13:11 [notice] 84#84: exit
2021/10/07 20:13:11 [notice] 85#85: exit
2021/10/07 20:13:11 [notice] 86#86: exit
2021/10/07 20:13:11 [notice] 87#87: exit
2021/10/07 20:13:11 [notice] 88#88: exit
2021/10/07 20:13:11 [notice] 89#89: exit
2021/10/07 20:13:11 [notice] 90#90: exit
2021/10/07 20:13:11 [notice] 91#91: exit
2021/10/07 20:13:11 [notice] 92#92: exiting
2021/10/07 20:13:11 [notice] 93#93: exit
2021/10/07 20:13:11 [notice] 95#95: exiting
2021/10/07 20:13:11 [notice] 97#97: exit
2021/10/07 20:13:11 [notice] 81#81: exit
2021/10/07 20:13:11 [notice] 96#96: exit
2021/10/07 20:13:11 [notice] 98#98: exiting
2021/10/07 20:13:11 [notice] 100#100: exiting
2021/10/07 20:13:11 [notice] 99#99: exiting
2021/10/07 20:13:11 [notice] 101#101: exiting
2021/10/07 20:13:11 [notice] 102#102: exit
2021/10/07 20:13:11 [notice] 103#103: exit
2021/10/07 20:13:11 [notice] 104#104: exit
2021/10/07 20:13:11 [notice] 94#94: exit
2021/10/07 20:13:11 [notice] 92#92: exit
2021/10/07 20:13:11 [notice] 95#95: exit
2021/10/07 20:13:11 [notice] 98#98: exit
2021/10/07 20:13:11 [notice] 100#100: exit
2021/10/07 20:13:11 [notice] 99#99: exit
2021/10/07 20:13:11 [notice] 101#101: exit
2021/10/07 20:13:11 [notice] 1#1: signal 17 (SIGCHLD) received from 104
2021/10/07 20:13:11 [notice] 1#1: worker process 82 exited with code 0
2021/10/07 20:13:11 [notice] 1#1: worker process 84 exited with code 0
2021/10/07 20:13:11 [notice] 1#1: worker process 86 exited with code 0
2021/10/07 20:13:11 [notice] 1#1: worker process 87 exited with code 0
2021/10/07 20:13:11 [notice] 1#1: worker process 90 exited with code 0
2021/10/07 20:13:11 [notice] 1#1: worker process 91 exited with code 0
2021/10/07 20:13:11 [notice] 1#1: worker process 92 exited with code 0
2021/10/07 20:13:11 [notice] 1#1: worker process 93 exited with code 0
2021/10/07 20:13:11 [notice] 1#1: worker process 94 exited with code 0
2021/10/07 20:13:11 [notice] 1#1: worker process 95 exited with code 0
2021/10/07 20:13:11 [notice] 1#1: worker process 96 exited with code 0
2021/10/07 20:13:11 [notice] 1#1: worker process 98 exited with code 0
2021/10/07 20:13:11 [notice] 1#1: worker process 99 exited with code 0
2021/10/07 20:13:11 [notice] 1#1: worker process 100 exited with code 0
2021/10/07 20:13:11 [notice] 1#1: worker process 101 exited with code 0
2021/10/07 20:13:11 [notice] 1#1: worker process 102 exited with code 0
2021/10/07 20:13:11 [notice] 1#1: worker process 104 exited with code 0
2021/10/07 20:13:11 [notice] 1#1: signal 29 (SIGIO) received
2021/10/07 20:13:11 [notice] 1#1: signal 17 (SIGCHLD) received from 98
2021/10/07 20:13:11 [notice] 1#1: worker process 81 exited with code 0
2021/10/07 20:13:11 [notice] 1#1: worker process 85 exited with code 0
2021/10/07 20:13:11 [notice] 1#1: worker process 88 exited with code 0
2021/10/07 20:13:11 [notice] 1#1: signal 29 (SIGIO) received
2021/10/07 20:13:11 [notice] 1#1: signal 17 (SIGCHLD) received from 103
2021/10/07 20:13:11 [notice] 1#1: worker process 83 exited with code 0
2021/10/07 20:13:11 [notice] 1#1: worker process 97 exited with code 0
2021/10/07 20:13:11 [notice] 1#1: worker process 89 exited with code 0
2021/10/07 20:13:11 [notice] 1#1: worker process 103 exited with code 0
2021/10/07 20:13:11 [notice] 1#1: signal 29 (SIGIO) received
2021/10/07 20:13:11 [notice] 1#1: signal 17 (SIGCHLD) received from 83
2021/10/07 20:13:29 [notice] 130#130: signal process started
2021/10/07 20:13:29 [notice] 1#1: signal 1 (SIGHUP) received from 130, reconfiguring
2021/10/07 20:13:29 [notice] 1#1: reconfiguring
2021/10/07 20:13:29 [notice] 1#1: using the "epoll" event method
2021/10/07 20:13:29 [notice] 1#1: start worker processes
2021/10/07 20:13:29 [notice] 1#1: start worker process 131
2021/10/07 20:13:29 [notice] 1#1: start worker process 132
2021/10/07 20:13:29 [notice] 1#1: start worker process 133
2021/10/07 20:13:29 [notice] 1#1: start worker process 134
2021/10/07 20:13:29 [notice] 1#1: start worker process 135
2021/10/07 20:13:29 [notice] 1#1: start worker process 136
2021/10/07 20:13:29 [notice] 1#1: start worker process 137
2021/10/07 20:13:29 [notice] 1#1: start worker process 138
2021/10/07 20:13:29 [notice] 1#1: start worker process 139
2021/10/07 20:13:29 [notice] 1#1: start worker process 140
2021/10/07 20:13:29 [notice] 1#1: start worker process 141
2021/10/07 20:13:29 [notice] 1#1: start worker process 142
2021/10/07 20:13:29 [notice] 1#1: start worker process 143
2021/10/07 20:13:29 [notice] 1#1: start worker process 144
2021/10/07 20:13:29 [notice] 1#1: start worker process 145
2021/10/07 20:13:29 [notice] 1#1: start worker process 146
2021/10/07 20:13:29 [notice] 1#1: start worker process 147
2021/10/07 20:13:29 [notice] 1#1: start worker process 148
2021/10/07 20:13:29 [notice] 1#1: start worker process 149
2021/10/07 20:13:29 [notice] 1#1: start worker process 150
2021/10/07 20:13:29 [notice] 1#1: start worker process 151
2021/10/07 20:13:29 [notice] 1#1: start worker process 152
2021/10/07 20:13:29 [notice] 1#1: start worker process 153
2021/10/07 20:13:29 [notice] 1#1: start worker process 154
2021/10/07 20:13:29 [notice] 106#106: gracefully shutting down
2021/10/07 20:13:29 [notice] 122#122: gracefully shutting down
2021/10/07 20:13:29 [notice] 107#107: gracefully shutting down
2021/10/07 20:13:29 [notice] 107#107: exiting
2021/10/07 20:13:29 [notice] 108#108: gracefully shutting down
2021/10/07 20:13:29 [notice] 109#109: gracefully shutting down
2021/10/07 20:13:29 [notice] 109#109: exiting
2021/10/07 20:13:29 [notice] 110#110: gracefully shutting down
2021/10/07 20:13:29 [notice] 111#111: gracefully shutting down
2021/10/07 20:13:29 [notice] 111#111: exiting
2021/10/07 20:13:29 [notice] 112#112: gracefully shutting down
2021/10/07 20:13:29 [notice] 114#114: gracefully shutting down
2021/10/07 20:13:29 [notice] 114#114: exiting
2021/10/07 20:13:29 [notice] 113#113: gracefully shutting down
2021/10/07 20:13:29 [notice] 115#115: gracefully shutting down
2021/10/07 20:13:29 [notice] 115#115: exiting
2021/10/07 20:13:29 [notice] 116#116: gracefully shutting down
2021/10/07 20:13:29 [notice] 116#116: exiting
2021/10/07 20:13:29 [notice] 118#118: gracefully shutting down
2021/10/07 20:13:29 [notice] 117#117: gracefully shutting down
2021/10/07 20:13:29 [notice] 120#120: gracefully shutting down
2021/10/07 20:13:29 [notice] 120#120: exiting
2021/10/07 20:13:29 [notice] 119#119: gracefully shutting down
2021/10/07 20:13:29 [notice] 121#121: gracefully shutting down
2021/10/07 20:13:29 [notice] 121#121: exiting
2021/10/07 20:13:29 [notice] 123#123: gracefully shutting down
2021/10/07 20:13:29 [notice] 106#106: exiting
2021/10/07 20:13:29 [notice] 125#125: gracefully shutting down
2021/10/07 20:13:29 [notice] 124#124: gracefully shutting down
2021/10/07 20:13:29 [notice] 124#124: exiting
2021/10/07 20:13:29 [notice] 127#127: gracefully shutting down
2021/10/07 20:13:29 [notice] 126#126: gracefully shutting down
2021/10/07 20:13:29 [notice] 129#129: gracefully shutting down
2021/10/07 20:13:29 [notice] 129#129: exiting
2021/10/07 20:13:29 [notice] 128#128: gracefully shutting down
2021/10/07 20:13:29 [notice] 128#128: exiting
2021/10/07 20:13:29 [notice] 122#122: exiting
2021/10/07 20:13:29 [notice] 107#107: exit
2021/10/07 20:13:29 [notice] 108#108: exiting
2021/10/07 20:13:29 [notice] 109#109: exit
2021/10/07 20:13:29 [notice] 110#110: exiting
2021/10/07 20:13:29 [notice] 111#111: exit
2021/10/07 20:13:29 [notice] 112#112: exiting
2021/10/07 20:13:29 [notice] 114#114: exit
2021/10/07 20:13:29 [notice] 113#113: exiting
2021/10/07 20:13:29 [notice] 115#115: exit
2021/10/07 20:13:29 [notice] 116#116: exit
2021/10/07 20:13:29 [notice] 118#118: exiting
2021/10/07 20:13:29 [notice] 117#117: exiting
2021/10/07 20:13:29 [notice] 120#120: exit
2021/10/07 20:13:29 [notice] 119#119: exiting
2021/10/07 20:13:29 [notice] 121#121: exit
2021/10/07 20:13:29 [notice] 123#123: exiting
2021/10/07 20:13:29 [notice] 106#106: exit
2021/10/07 20:13:29 [notice] 125#125: exiting
2021/10/07 20:13:29 [notice] 124#124: exit
2021/10/07 20:13:29 [notice] 127#127: exiting
2021/10/07 20:13:29 [notice] 126#126: exiting
2021/10/07 20:13:29 [notice] 129#129: exit
2021/10/07 20:13:29 [notice] 128#128: exit
2021/10/07 20:13:29 [notice] 122#122: exit
2021/10/07 20:13:29 [notice] 108#108: exit
2021/10/07 20:13:29 [notice] 110#110: exit
2021/10/07 20:13:29 [notice] 112#112: exit
2021/10/07 20:13:29 [notice] 113#113: exit
2021/10/07 20:13:29 [notice] 118#118: exit
2021/10/07 20:13:29 [notice] 117#117: exit
2021/10/07 20:13:29 [notice] 119#119: exit
2021/10/07 20:13:29 [notice] 123#123: exit
2021/10/07 20:13:29 [notice] 125#125: exit
2021/10/07 20:13:29 [notice] 127#127: exit
2021/10/07 20:13:29 [notice] 126#126: exit
2021/10/07 20:13:29 [notice] 1#1: signal 17 (SIGCHLD) received from 119
2021/10/07 20:13:29 [notice] 1#1: worker process 111 exited with code 0
2021/10/07 20:13:29 [notice] 1#1: worker process 106 exited with code 0
2021/10/07 20:13:29 [notice] 1#1: worker process 107 exited with code 0
2021/10/07 20:13:29 [notice] 1#1: worker process 108 exited with code 0
2021/10/07 20:13:29 [notice] 1#1: worker process 109 exited with code 0
2021/10/07 20:13:29 [notice] 1#1: worker process 110 exited with code 0
2021/10/07 20:13:29 [notice] 1#1: worker process 112 exited with code 0
2021/10/07 20:13:29 [notice] 1#1: worker process 113 exited with code 0
2021/10/07 20:13:29 [notice] 1#1: worker process 114 exited with code 0
2021/10/07 20:13:29 [notice] 1#1: worker process 115 exited with code 0
2021/10/07 20:13:29 [notice] 1#1: worker process 116 exited with code 0
2021/10/07 20:13:29 [notice] 1#1: worker process 117 exited with code 0
2021/10/07 20:13:29 [notice] 1#1: worker process 118 exited with code 0
2021/10/07 20:13:29 [notice] 1#1: worker process 119 exited with code 0
2021/10/07 20:13:29 [notice] 1#1: worker process 120 exited with code 0
2021/10/07 20:13:29 [notice] 1#1: worker process 121 exited with code 0
2021/10/07 20:13:29 [notice] 1#1: worker process 122 exited with code 0
2021/10/07 20:13:29 [notice] 1#1: worker process 123 exited with code 0
2021/10/07 20:13:29 [notice] 1#1: worker process 124 exited with code 0
2021/10/07 20:13:29 [notice] 1#1: worker process 128 exited with code 0
2021/10/07 20:13:29 [notice] 1#1: worker process 129 exited with code 0
2021/10/07 20:13:29 [notice] 1#1: signal 29 (SIGIO) received
2021/10/07 20:13:29 [notice] 1#1: signal 17 (SIGCHLD) received from 120
2021/10/07 20:13:29 [notice] 1#1: signal 17 (SIGCHLD) received from 127
2021/10/07 20:13:29 [notice] 1#1: worker process 125 exited with code 0
2021/10/07 20:13:29 [notice] 1#1: worker process 126 exited with code 0
2021/10/07 20:13:29 [notice] 1#1: worker process 127 exited with code 0
2021/10/07 20:13:29 [notice] 1#1: signal 29 (SIGIO) received
2021/10/07 20:13:29 [notice] 1#1: signal 17 (SIGCHLD) received from 126
2021/10/07 20:13:41 [error] 131#131: *4 "/data/www/index.html" is not found (2: No such file or directory), client: 172.19.0.1, server: , request: "GET / HTTP/1.1", host: "127.0.0.1"
2021/10/07 20:13:42 [error] 131#131: *4 open() "/data/www/favicon.ico" failed (2: No such file or directory), client: 172.19.0.1, server: , request: "GET /favicon.ico HTTP/1.1", host: "127.0.0.1", referrer: "http://127.0.0.1/"
2021/10/07 20:14:18 [notice] 155#155: signal process started
2021/10/07 20:14:18 [notice] 1#1: signal 1 (SIGHUP) received from 155, reconfiguring
2021/10/07 20:14:18 [notice] 1#1: reconfiguring
2021/10/07 20:14:18 [notice] 1#1: using the "epoll" event method
2021/10/07 20:14:18 [notice] 1#1: start worker processes
2021/10/07 20:14:18 [notice] 1#1: start worker process 156
2021/10/07 20:14:18 [notice] 1#1: start worker process 157
2021/10/07 20:14:18 [notice] 1#1: start worker process 158
2021/10/07 20:14:18 [notice] 1#1: start worker process 159
2021/10/07 20:14:18 [notice] 1#1: start worker process 160
2021/10/07 20:14:18 [notice] 1#1: start worker process 161
2021/10/07 20:14:18 [notice] 1#1: start worker process 162
2021/10/07 20:14:18 [notice] 1#1: start worker process 163
2021/10/07 20:14:18 [notice] 1#1: start worker process 164
2021/10/07 20:14:18 [notice] 1#1: start worker process 165
2021/10/07 20:14:18 [notice] 1#1: start worker process 166
2021/10/07 20:14:18 [notice] 1#1: start worker process 167
2021/10/07 20:14:18 [notice] 1#1: start worker process 168
2021/10/07 20:14:18 [notice] 1#1: start worker process 169
2021/10/07 20:14:18 [notice] 1#1: start worker process 170
2021/10/07 20:14:18 [notice] 1#1: start worker process 171
2021/10/07 20:14:18 [notice] 1#1: start worker process 172
2021/10/07 20:14:18 [notice] 1#1: start worker process 173
2021/10/07 20:14:18 [notice] 1#1: start worker process 174
2021/10/07 20:14:18 [notice] 1#1: start worker process 175
2021/10/07 20:14:18 [notice] 1#1: start worker process 176
2021/10/07 20:14:18 [notice] 1#1: start worker process 177
2021/10/07 20:14:18 [notice] 1#1: start worker process 178
2021/10/07 20:14:18 [notice] 1#1: start worker process 179
2021/10/07 20:14:18 [notice] 131#131: gracefully shutting down
2021/10/07 20:14:18 [notice] 141#141: gracefully shutting down
2021/10/07 20:14:18 [notice] 132#132: gracefully shutting down
2021/10/07 20:14:18 [notice] 133#133: gracefully shutting down
2021/10/07 20:14:18 [notice] 134#134: gracefully shutting down
2021/10/07 20:14:18 [notice] 135#135: gracefully shutting down
2021/10/07 20:14:18 [notice] 136#136: gracefully shutting down
2021/10/07 20:14:18 [notice] 136#136: exiting
2021/10/07 20:14:18 [notice] 137#137: gracefully shutting down
2021/10/07 20:14:18 [notice] 138#138: gracefully shutting down
2021/10/07 20:14:18 [notice] 139#139: gracefully shutting down
2021/10/07 20:14:18 [notice] 139#139: exiting
2021/10/07 20:14:18 [notice] 140#140: gracefully shutting down
2021/10/07 20:14:18 [notice] 140#140: exiting
2021/10/07 20:14:18 [notice] 143#143: gracefully shutting down
2021/10/07 20:14:18 [notice] 142#142: gracefully shutting down
2021/10/07 20:14:18 [notice] 144#144: gracefully shutting down
2021/10/07 20:14:18 [notice] 145#145: gracefully shutting down
2021/10/07 20:14:18 [notice] 146#146: gracefully shutting down
2021/10/07 20:14:18 [notice] 146#146: exiting
2021/10/07 20:14:18 [notice] 131#131: exiting
2021/10/07 20:14:18 [notice] 147#147: gracefully shutting down
2021/10/07 20:14:18 [notice] 147#147: exiting
2021/10/07 20:14:18 [notice] 148#148: gracefully shutting down
2021/10/07 20:14:18 [notice] 149#149: gracefully shutting down
2021/10/07 20:14:18 [notice] 150#150: gracefully shutting down
2021/10/07 20:14:18 [notice] 150#150: exiting
2021/10/07 20:14:18 [notice] 151#151: gracefully shutting down
2021/10/07 20:14:18 [notice] 152#152: gracefully shutting down
2021/10/07 20:14:18 [notice] 153#153: gracefully shutting down
2021/10/07 20:14:18 [notice] 154#154: gracefully shutting down
2021/10/07 20:14:18 [notice] 154#154: exiting
2021/10/07 20:14:18 [notice] 141#141: exiting
2021/10/07 20:14:18 [notice] 132#132: exiting
2021/10/07 20:14:18 [notice] 133#133: exiting
2021/10/07 20:14:18 [notice] 134#134: exiting
2021/10/07 20:14:18 [notice] 135#135: exiting
2021/10/07 20:14:18 [notice] 136#136: exit
2021/10/07 20:14:18 [notice] 137#137: exiting
2021/10/07 20:14:18 [notice] 138#138: exiting
2021/10/07 20:14:18 [notice] 139#139: exit
2021/10/07 20:14:18 [notice] 140#140: exit
2021/10/07 20:14:18 [notice] 143#143: exiting
2021/10/07 20:14:18 [notice] 142#142: exiting
2021/10/07 20:14:18 [notice] 144#144: exiting
2021/10/07 20:14:18 [notice] 145#145: exiting
2021/10/07 20:14:18 [notice] 146#146: exit
2021/10/07 20:14:18 [notice] 131#131: exit
2021/10/07 20:14:18 [notice] 147#147: exit
2021/10/07 20:14:18 [notice] 148#148: exiting
2021/10/07 20:14:18 [notice] 149#149: exiting
2021/10/07 20:14:18 [notice] 150#150: exit
2021/10/07 20:14:18 [notice] 151#151: exiting
2021/10/07 20:14:18 [notice] 152#152: exiting
2021/10/07 20:14:18 [notice] 153#153: exiting
2021/10/07 20:14:18 [notice] 153#153: exit
2021/10/07 20:14:18 [notice] 154#154: exit
2021/10/07 20:14:18 [notice] 141#141: exit
2021/10/07 20:14:18 [notice] 132#132: exit
2021/10/07 20:14:18 [notice] 133#133: exit
2021/10/07 20:14:18 [notice] 134#134: exit
2021/10/07 20:14:18 [notice] 135#135: exit
2021/10/07 20:14:18 [notice] 137#137: exit
2021/10/07 20:14:18 [notice] 138#138: exit
2021/10/07 20:14:18 [notice] 143#143: exit
2021/10/07 20:14:18 [notice] 142#142: exit
2021/10/07 20:14:18 [notice] 144#144: exit
2021/10/07 20:14:18 [notice] 145#145: exit
2021/10/07 20:14:18 [notice] 148#148: exit
2021/10/07 20:14:18 [notice] 149#149: exit
2021/10/07 20:14:18 [notice] 151#151: exit
2021/10/07 20:14:18 [notice] 152#152: exit
2021/10/07 20:14:18 [notice] 1#1: signal 17 (SIGCHLD) received from 150
2021/10/07 20:14:18 [notice] 1#1: worker process 146 exited with code 0
2021/10/07 20:14:18 [notice] 1#1: worker process 150 exited with code 0
2021/10/07 20:14:18 [notice] 1#1: signal 29 (SIGIO) received
2021/10/07 20:14:18 [notice] 1#1: signal 17 (SIGCHLD) received from 153
2021/10/07 20:14:18 [notice] 1#1: worker process 133 exited with code 0
2021/10/07 20:14:18 [notice] 1#1: worker process 131 exited with code 0
2021/10/07 20:14:18 [notice] 1#1: worker process 132 exited with code 0
2021/10/07 20:14:18 [notice] 1#1: worker process 134 exited with code 0
2021/10/07 20:14:18 [notice] 1#1: worker process 135 exited with code 0
2021/10/07 20:14:18 [notice] 1#1: worker process 136 exited with code 0
2021/10/07 20:14:18 [notice] 1#1: worker process 137 exited with code 0
2021/10/07 20:14:18 [notice] 1#1: worker process 138 exited with code 0
2021/10/07 20:14:18 [notice] 1#1: worker process 139 exited with code 0
2021/10/07 20:14:18 [notice] 1#1: worker process 140 exited with code 0
2021/10/07 20:14:18 [notice] 1#1: worker process 141 exited with code 0
2021/10/07 20:14:18 [notice] 1#1: worker process 142 exited with code 0
2021/10/07 20:14:18 [notice] 1#1: worker process 143 exited with code 0
2021/10/07 20:14:18 [notice] 1#1: worker process 144 exited with code 0
2021/10/07 20:14:18 [notice] 1#1: worker process 147 exited with code 0
2021/10/07 20:14:18 [notice] 1#1: worker process 148 exited with code 0
2021/10/07 20:14:18 [notice] 1#1: worker process 151 exited with code 0
2021/10/07 20:14:18 [notice] 1#1: worker process 152 exited with code 0
2021/10/07 20:14:18 [notice] 1#1: worker process 153 exited with code 0
2021/10/07 20:14:18 [notice] 1#1: worker process 154 exited with code 0
2021/10/07 20:14:18 [notice] 1#1: signal 29 (SIGIO) received
2021/10/07 20:14:18 [notice] 1#1: signal 17 (SIGCHLD) received from 148
2021/10/07 20:14:18 [notice] 1#1: signal 17 (SIGCHLD) received from 145
2021/10/07 20:14:18 [notice] 1#1: worker process 145 exited with code 0
2021/10/07 20:14:18 [notice] 1#1: signal 29 (SIGIO) received
2021/10/07 20:14:18 [notice] 1#1: signal 17 (SIGCHLD) received from 149
2021/10/07 20:14:18 [notice] 1#1: worker process 149 exited with code 0
2021/10/07 20:14:18 [notice] 1#1: signal 29 (SIGIO) received
2021/10/07 20:14:21 [error] 156#156: *5 "/data/www/public/index.html" is not found (2: No such file or directory), client: 172.19.0.1, server: , request: "GET / HTTP/1.1", host: "127.0.0.1"
2021/10/07 20:14:23 [error] 156#156: *5 "/data/www/public/index.html" is not found (2: No such file or directory), client: 172.19.0.1, server: , request: "GET / HTTP/1.1", host: "127.0.0.1"
2021/10/07 20:14:41 [notice] 180#180: signal process started
2021/10/07 20:14:41 [notice] 1#1: signal 1 (SIGHUP) received from 180, reconfiguring
2021/10/07 20:14:41 [notice] 1#1: reconfiguring
2021/10/07 20:14:41 [notice] 1#1: using the "epoll" event method
2021/10/07 20:14:41 [notice] 1#1: start worker processes
2021/10/07 20:14:41 [notice] 1#1: start worker process 181
2021/10/07 20:14:41 [notice] 1#1: start worker process 182
2021/10/07 20:14:41 [notice] 1#1: start worker process 183
2021/10/07 20:14:41 [notice] 1#1: start worker process 184
2021/10/07 20:14:41 [notice] 1#1: start worker process 185
2021/10/07 20:14:41 [notice] 1#1: start worker process 186
2021/10/07 20:14:41 [notice] 1#1: start worker process 187
2021/10/07 20:14:41 [notice] 1#1: start worker process 188
2021/10/07 20:14:41 [notice] 1#1: start worker process 189
2021/10/07 20:14:41 [notice] 1#1: start worker process 190
2021/10/07 20:14:41 [notice] 1#1: start worker process 191
2021/10/07 20:14:41 [notice] 1#1: start worker process 192
2021/10/07 20:14:41 [notice] 1#1: start worker process 193
2021/10/07 20:14:41 [notice] 1#1: start worker process 194
2021/10/07 20:14:41 [notice] 1#1: start worker process 195
2021/10/07 20:14:41 [notice] 1#1: start worker process 196
2021/10/07 20:14:41 [notice] 1#1: start worker process 197
2021/10/07 20:14:41 [notice] 1#1: start worker process 198
2021/10/07 20:14:41 [notice] 1#1: start worker process 199
2021/10/07 20:14:41 [notice] 1#1: start worker process 200
2021/10/07 20:14:41 [notice] 1#1: start worker process 201
2021/10/07 20:14:41 [notice] 1#1: start worker process 202
2021/10/07 20:14:41 [notice] 1#1: start worker process 203
2021/10/07 20:14:41 [notice] 1#1: start worker process 204
2021/10/07 20:14:41 [notice] 156#156: gracefully shutting down
2021/10/07 20:14:41 [notice] 171#171: gracefully shutting down
2021/10/07 20:14:41 [notice] 157#157: gracefully shutting down
2021/10/07 20:14:41 [notice] 157#157: exiting
2021/10/07 20:14:41 [notice] 158#158: gracefully shutting down
2021/10/07 20:14:41 [notice] 159#159: gracefully shutting down
2021/10/07 20:14:41 [notice] 160#160: gracefully shutting down
2021/10/07 20:14:41 [notice] 162#162: gracefully shutting down
2021/10/07 20:14:41 [notice] 162#162: exiting
2021/10/07 20:14:41 [notice] 161#161: gracefully shutting down
2021/10/07 20:14:41 [notice] 163#163: gracefully shutting down
2021/10/07 20:14:41 [notice] 163#163: exiting
2021/10/07 20:14:41 [notice] 164#164: gracefully shutting down
2021/10/07 20:14:41 [notice] 165#165: gracefully shutting down
2021/10/07 20:14:41 [notice] 166#166: gracefully shutting down
2021/10/07 20:14:41 [notice] 167#167: gracefully shutting down
2021/10/07 20:14:41 [notice] 167#167: exiting
2021/10/07 20:14:41 [notice] 168#168: gracefully shutting down
2021/10/07 20:14:41 [notice] 169#169: gracefully shutting down
2021/10/07 20:14:41 [notice] 169#169: exiting
2021/10/07 20:14:41 [notice] 170#170: gracefully shutting down
2021/10/07 20:14:41 [notice] 172#172: gracefully shutting down
2021/10/07 20:14:41 [notice] 173#173: gracefully shutting down
2021/10/07 20:14:41 [notice] 174#174: gracefully shutting down
2021/10/07 20:14:41 [notice] 176#176: gracefully shutting down
2021/10/07 20:14:41 [notice] 176#176: exiting
2021/10/07 20:14:41 [notice] 175#175: gracefully shutting down
2021/10/07 20:14:41 [notice] 156#156: exiting
2021/10/07 20:14:41 [notice] 177#177: gracefully shutting down
2021/10/07 20:14:41 [notice] 178#178: gracefully shutting down
2021/10/07 20:14:41 [notice] 179#179: gracefully shutting down
2021/10/07 20:14:41 [notice] 171#171: exiting
2021/10/07 20:14:41 [notice] 157#157: exit
2021/10/07 20:14:41 [notice] 158#158: exiting
2021/10/07 20:14:41 [notice] 159#159: exiting
2021/10/07 20:14:41 [notice] 160#160: exiting
2021/10/07 20:14:41 [notice] 162#162: exit
2021/10/07 20:14:41 [notice] 161#161: exiting
2021/10/07 20:14:41 [notice] 163#163: exit
2021/10/07 20:14:41 [notice] 164#164: exiting
2021/10/07 20:14:41 [notice] 165#165: exiting
2021/10/07 20:14:41 [notice] 166#166: exiting
2021/10/07 20:14:41 [notice] 167#167: exit
2021/10/07 20:14:41 [notice] 168#168: exiting
2021/10/07 20:14:41 [notice] 169#169: exit
2021/10/07 20:14:41 [notice] 170#170: exiting
2021/10/07 20:14:41 [notice] 172#172: exiting
2021/10/07 20:14:41 [notice] 173#173: exiting
2021/10/07 20:14:41 [notice] 174#174: exiting
2021/10/07 20:14:41 [notice] 176#176: exit
2021/10/07 20:14:41 [notice] 175#175: exiting
2021/10/07 20:14:41 [notice] 156#156: exit
2021/10/07 20:14:41 [notice] 177#177: exiting
2021/10/07 20:14:41 [notice] 178#178: exiting
2021/10/07 20:14:41 [notice] 179#179: exiting
2021/10/07 20:14:41 [notice] 171#171: exit
2021/10/07 20:14:41 [notice] 158#158: exit
2021/10/07 20:14:41 [notice] 159#159: exit
2021/10/07 20:14:41 [notice] 160#160: exit
2021/10/07 20:14:41 [notice] 161#161: exit
2021/10/07 20:14:41 [notice] 164#164: exit
2021/10/07 20:14:41 [notice] 165#165: exit
2021/10/07 20:14:41 [notice] 166#166: exit
2021/10/07 20:14:41 [notice] 168#168: exit
2021/10/07 20:14:41 [notice] 170#170: exit
2021/10/07 20:14:41 [notice] 172#172: exit
2021/10/07 20:14:41 [notice] 173#173: exit
2021/10/07 20:14:41 [notice] 174#174: exit
2021/10/07 20:14:41 [notice] 175#175: exit
2021/10/07 20:14:41 [notice] 177#177: exit
2021/10/07 20:14:41 [notice] 178#178: exit
2021/10/07 20:14:41 [notice] 179#179: exit
2021/10/07 20:14:42 [notice] 1#1: signal 17 (SIGCHLD) received from 172
2021/10/07 20:14:42 [notice] 1#1: worker process 160 exited with code 0
2021/10/07 20:14:42 [notice] 1#1: worker process 172 exited with code 0
2021/10/07 20:14:42 [notice] 1#1: signal 29 (SIGIO) received
2021/10/07 20:14:42 [notice] 1#1: signal 17 (SIGCHLD) received from 168
2021/10/07 20:14:42 [notice] 1#1: worker process 168 exited with code 0
2021/10/07 20:14:42 [notice] 1#1: signal 29 (SIGIO) received
2021/10/07 20:14:42 [notice] 1#1: signal 17 (SIGCHLD) received from 170
2021/10/07 20:14:42 [notice] 1#1: worker process 159 exited with code 0
2021/10/07 20:14:42 [notice] 1#1: worker process 157 exited with code 0
2021/10/07 20:14:42 [notice] 1#1: worker process 156 exited with code 0
2021/10/07 20:14:42 [notice] 1#1: worker process 158 exited with code 0
2021/10/07 20:14:42 [notice] 1#1: worker process 161 exited with code 0
2021/10/07 20:14:42 [notice] 1#1: worker process 162 exited with code 0
2021/10/07 20:14:42 [notice] 1#1: worker process 163 exited with code 0
2021/10/07 20:14:42 [notice] 1#1: worker process 164 exited with code 0
2021/10/07 20:14:42 [notice] 1#1: worker process 165 exited with code 0
2021/10/07 20:14:42 [notice] 1#1: worker process 166 exited with code 0
2021/10/07 20:14:42 [notice] 1#1: worker process 167 exited with code 0
2021/10/07 20:14:42 [notice] 1#1: worker process 169 exited with code 0
2021/10/07 20:14:42 [notice] 1#1: worker process 170 exited with code 0
2021/10/07 20:14:42 [notice] 1#1: worker process 171 exited with code 0
2021/10/07 20:14:42 [notice] 1#1: worker process 174 exited with code 0
2021/10/07 20:14:42 [notice] 1#1: worker process 175 exited with code 0
2021/10/07 20:14:42 [notice] 1#1: worker process 176 exited with code 0
2021/10/07 20:14:42 [notice] 1#1: worker process 177 exited with code 0
2021/10/07 20:14:42 [notice] 1#1: worker process 179 exited with code 0
2021/10/07 20:14:42 [notice] 1#1: signal 29 (SIGIO) received
2021/10/07 20:14:42 [notice] 1#1: signal 17 (SIGCHLD) received from 159
2021/10/07 20:14:42 [notice] 1#1: worker process 173 exited with code 0
2021/10/07 20:14:42 [notice] 1#1: worker process 178 exited with code 0
2021/10/07 20:14:42 [notice] 1#1: signal 29 (SIGIO) received
2021/10/07 20:14:48 [error] 181#181: *6 "/data/www/public/index.html" is not found (2: No such file or directory), client: 172.19.0.1, server: , request: "GET / HTTP/1.1", host: "127.0.0.1"
2021/10/07 20:14:48 [error] 181#181: *6 "/data/www/public/index.html" is not found (2: No such file or directory), client: 172.19.0.1, server: , request: "GET / HTTP/1.1", host: "127.0.0.1"
2021/10/07 20:14:49 [error] 181#181: *6 "/data/www/public/index.html" is not found (2: No such file or directory), client: 172.19.0.1, server: , request: "GET / HTTP/1.1", host: "127.0.0.1"
2021/10/07 20:14:49 [error] 181#181: *6 "/data/www/public/index.html" is not found (2: No such file or directory), client: 172.19.0.1, server: , request: "GET / HTTP/1.1", host: "127.0.0.1"
2021/10/07 20:14:59 [error] 181#181: *6 open() "/data/www/public/data/www/public" failed (2: No such file or directory), client: 172.19.0.1, server: , request: "GET //data/www/public HTTP/1.1", host: "127.0.0.1"
2021/10/07 20:15:04 [error] 181#181: *6 open() "/data/www/public/data/www/public" failed (2: No such file or directory), client: 172.19.0.1, server: , request: "GET /data/www/public HTTP/1.1", host: "127.0.0.1"
2021/10/07 20:15:31 [notice] 205#205: signal process started
2021/10/07 20:15:31 [notice] 1#1: signal 1 (SIGHUP) received from 205, reconfiguring
2021/10/07 20:15:31 [notice] 1#1: reconfiguring
2021/10/07 20:15:31 [notice] 1#1: using the "epoll" event method
2021/10/07 20:15:31 [notice] 1#1: start worker processes
2021/10/07 20:15:31 [notice] 1#1: start worker process 206
2021/10/07 20:15:31 [notice] 1#1: start worker process 207
2021/10/07 20:15:31 [notice] 1#1: start worker process 208
2021/10/07 20:15:31 [notice] 1#1: start worker process 209
2021/10/07 20:15:31 [notice] 1#1: start worker process 210
2021/10/07 20:15:31 [notice] 1#1: start worker process 211
2021/10/07 20:15:31 [notice] 1#1: start worker process 212
2021/10/07 20:15:31 [notice] 1#1: start worker process 213
2021/10/07 20:15:31 [notice] 1#1: start worker process 214
2021/10/07 20:15:31 [notice] 1#1: start worker process 215
2021/10/07 20:15:31 [notice] 1#1: start worker process 216
2021/10/07 20:15:31 [notice] 1#1: start worker process 217
2021/10/07 20:15:31 [notice] 1#1: start worker process 218
2021/10/07 20:15:31 [notice] 1#1: start worker process 219
2021/10/07 20:15:31 [notice] 1#1: start worker process 220
2021/10/07 20:15:31 [notice] 1#1: start worker process 221
2021/10/07 20:15:31 [notice] 1#1: start worker process 222
2021/10/07 20:15:31 [notice] 1#1: start worker process 223
2021/10/07 20:15:31 [notice] 1#1: start worker process 224
2021/10/07 20:15:31 [notice] 1#1: start worker process 225
2021/10/07 20:15:31 [notice] 1#1: start worker process 226
2021/10/07 20:15:31 [notice] 1#1: start worker process 227
2021/10/07 20:15:31 [notice] 1#1: start worker process 228
2021/10/07 20:15:31 [notice] 1#1: start worker process 229
2021/10/07 20:15:31 [notice] 181#181: gracefully shutting down
2021/10/07 20:15:31 [notice] 193#193: gracefully shutting down
2021/10/07 20:15:31 [notice] 182#182: gracefully shutting down
2021/10/07 20:15:31 [notice] 183#183: gracefully shutting down
2021/10/07 20:15:31 [notice] 184#184: gracefully shutting down
2021/10/07 20:15:31 [notice] 184#184: exiting
2021/10/07 20:15:31 [notice] 185#185: gracefully shutting down
2021/10/07 20:15:31 [notice] 185#185: exiting
2021/10/07 20:15:31 [notice] 186#186: gracefully shutting down
2021/10/07 20:15:31 [notice] 187#187: gracefully shutting down
2021/10/07 20:15:31 [notice] 187#187: exiting
2021/10/07 20:15:31 [notice] 188#188: gracefully shutting down
2021/10/07 20:15:31 [notice] 190#190: gracefully shutting down
2021/10/07 20:15:31 [notice] 189#189: gracefully shutting down
2021/10/07 20:15:31 [notice] 192#192: gracefully shutting down
2021/10/07 20:15:31 [notice] 192#192: exiting
2021/10/07 20:15:31 [notice] 191#191: gracefully shutting down
2021/10/07 20:15:31 [notice] 191#191: exiting
2021/10/07 20:15:31 [notice] 194#194: gracefully shutting down
2021/10/07 20:15:31 [notice] 194#194: exiting
2021/10/07 20:15:31 [notice] 196#196: gracefully shutting down
2021/10/07 20:15:31 [notice] 195#195: gracefully shutting down
2021/10/07 20:15:31 [notice] 195#195: exiting
2021/10/07 20:15:31 [notice] 198#198: gracefully shutting down
2021/10/07 20:15:31 [notice] 198#198: exiting
2021/10/07 20:15:31 [notice] 197#197: gracefully shutting down
2021/10/07 20:15:31 [notice] 200#200: gracefully shutting down
2021/10/07 20:15:31 [notice] 199#199: gracefully shutting down
2021/10/07 20:15:31 [notice] 199#199: exiting
2021/10/07 20:15:31 [notice] 181#181: exiting
2021/10/07 20:15:31 [notice] 201#201: gracefully shutting down
2021/10/07 20:15:31 [notice] 201#201: exiting
2021/10/07 20:15:31 [notice] 203#203: gracefully shutting down
2021/10/07 20:15:31 [notice] 203#203: exiting
2021/10/07 20:15:31 [notice] 202#202: gracefully shutting down
2021/10/07 20:15:31 [notice] 204#204: gracefully shutting down
2021/10/07 20:15:31 [notice] 204#204: exiting
2021/10/07 20:15:31 [notice] 193#193: exiting
2021/10/07 20:15:31 [notice] 182#182: exiting
2021/10/07 20:15:31 [notice] 183#183: exiting
2021/10/07 20:15:31 [notice] 184#184: exit
2021/10/07 20:15:31 [notice] 185#185: exit
2021/10/07 20:15:31 [notice] 186#186: exiting
2021/10/07 20:15:31 [notice] 187#187: exit
2021/10/07 20:15:31 [notice] 188#188: exiting
2021/10/07 20:15:31 [notice] 190#190: exiting
2021/10/07 20:15:31 [notice] 189#189: exiting
2021/10/07 20:15:31 [notice] 192#192: exit
2021/10/07 20:15:31 [notice] 191#191: exit
2021/10/07 20:15:31 [notice] 194#194: exit
2021/10/07 20:15:31 [notice] 196#196: exiting
2021/10/07 20:15:31 [notice] 195#195: exit
2021/10/07 20:15:31 [notice] 198#198: exit
2021/10/07 20:15:31 [notice] 197#197: exiting
2021/10/07 20:15:31 [notice] 200#200: exiting
2021/10/07 20:15:31 [notice] 199#199: exit
2021/10/07 20:15:31 [notice] 181#181: exit
2021/10/07 20:15:31 [notice] 201#201: exit
2021/10/07 20:15:31 [notice] 203#203: exit
2021/10/07 20:15:31 [notice] 202#202: exiting
2021/10/07 20:15:31 [notice] 202#202: exit
2021/10/07 20:15:31 [notice] 204#204: exit
2021/10/07 20:15:31 [notice] 193#193: exit
2021/10/07 20:15:31 [notice] 182#182: exit
2021/10/07 20:15:31 [notice] 183#183: exit
2021/10/07 20:15:31 [notice] 186#186: exit
2021/10/07 20:15:31 [notice] 188#188: exit
2021/10/07 20:15:31 [notice] 190#190: exit
2021/10/07 20:15:31 [notice] 189#189: exit
2021/10/07 20:15:31 [notice] 196#196: exit
2021/10/07 20:15:31 [notice] 197#197: exit
2021/10/07 20:15:31 [notice] 200#200: exit
2021/10/07 20:15:31 [notice] 1#1: signal 17 (SIGCHLD) received from 197
2021/10/07 20:15:31 [notice] 1#1: worker process 182 exited with code 0
2021/10/07 20:15:31 [notice] 1#1: worker process 185 exited with code 0
2021/10/07 20:15:31 [notice] 1#1: worker process 186 exited with code 0
2021/10/07 20:15:31 [notice] 1#1: worker process 187 exited with code 0
2021/10/07 20:15:31 [notice] 1#1: worker process 190 exited with code 0
2021/10/07 20:15:31 [notice] 1#1: worker process 192 exited with code 0
2021/10/07 20:15:31 [notice] 1#1: worker process 193 exited with code 0
2021/10/07 20:15:31 [notice] 1#1: worker process 194 exited with code 0
2021/10/07 20:15:31 [notice] 1#1: worker process 195 exited with code 0
2021/10/07 20:15:31 [notice] 1#1: worker process 197 exited with code 0
2021/10/07 20:15:31 [notice] 1#1: worker process 199 exited with code 0
2021/10/07 20:15:31 [notice] 1#1: worker process 200 exited with code 0
2021/10/07 20:15:31 [notice] 1#1: worker process 202 exited with code 0
2021/10/07 20:15:31 [notice] 1#1: worker process 203 exited with code 0
2021/10/07 20:15:31 [notice] 1#1: worker process 204 exited with code 0
2021/10/07 20:15:31 [notice] 1#1: signal 29 (SIGIO) received
2021/10/07 20:15:31 [notice] 1#1: signal 17 (SIGCHLD) received from 204
2021/10/07 20:15:31 [notice] 1#1: worker process 181 exited with code 0
2021/10/07 20:15:31 [notice] 1#1: worker process 183 exited with code 0
2021/10/07 20:15:31 [notice] 1#1: worker process 184 exited with code 0
2021/10/07 20:15:31 [notice] 1#1: worker process 188 exited with code 0
2021/10/07 20:15:31 [notice] 1#1: worker process 191 exited with code 0
2021/10/07 20:15:31 [notice] 1#1: worker process 196 exited with code 0
2021/10/07 20:15:31 [notice] 1#1: worker process 198 exited with code 0
2021/10/07 20:15:31 [notice] 1#1: worker process 201 exited with code 0
2021/10/07 20:15:31 [notice] 1#1: signal 29 (SIGIO) received
2021/10/07 20:15:31 [notice] 1#1: signal 17 (SIGCHLD) received from 189
2021/10/07 20:15:31 [notice] 1#1: worker process 189 exited with code 0
2021/10/07 20:15:31 [notice] 1#1: signal 29 (SIGIO) received
2021/10/07 20:15:32 [error] 206#206: *7 open() "/var/www/public/data/www/public" failed (2: No such file or directory), client: 172.19.0.1, server: , request: "GET /data/www/public HTTP/1.1", host: "127.0.0.1"
2021/10/07 20:15:34 [error] 206#206: *7 open() "/var/www/public/data/www/public" failed (2: No such file or directory), client: 172.19.0.1, server: , request: "GET /data/www/public HTTP/1.1", host: "127.0.0.1"
2021/10/07 20:15:55 [notice] 230#230: signal process started
2021/10/07 20:15:55 [notice] 1#1: signal 1 (SIGHUP) received from 230, reconfiguring
2021/10/07 20:15:55 [notice] 1#1: reconfiguring
2021/10/07 20:15:55 [notice] 1#1: using the "epoll" event method
2021/10/07 20:15:55 [notice] 1#1: start worker processes
2021/10/07 20:15:55 [notice] 1#1: start worker process 231
2021/10/07 20:15:55 [notice] 1#1: start worker process 232
2021/10/07 20:15:55 [notice] 1#1: start worker process 233
2021/10/07 20:15:55 [notice] 1#1: start worker process 234
2021/10/07 20:15:55 [notice] 1#1: start worker process 235
2021/10/07 20:15:55 [notice] 1#1: start worker process 236
2021/10/07 20:15:55 [notice] 1#1: start worker process 237
2021/10/07 20:15:55 [notice] 1#1: start worker process 238
2021/10/07 20:15:55 [notice] 1#1: start worker process 239
2021/10/07 20:15:55 [notice] 1#1: start worker process 240
2021/10/07 20:15:55 [notice] 1#1: start worker process 241
2021/10/07 20:15:55 [notice] 1#1: start worker process 242
2021/10/07 20:15:55 [notice] 1#1: start worker process 243
2021/10/07 20:15:55 [notice] 1#1: start worker process 244
2021/10/07 20:15:55 [notice] 1#1: start worker process 245
2021/10/07 20:15:55 [notice] 1#1: start worker process 246
2021/10/07 20:15:55 [notice] 1#1: start worker process 247
2021/10/07 20:15:55 [notice] 1#1: start worker process 248
2021/10/07 20:15:55 [notice] 1#1: start worker process 249
2021/10/07 20:15:55 [notice] 1#1: start worker process 250
2021/10/07 20:15:55 [notice] 1#1: start worker process 251
2021/10/07 20:15:55 [notice] 1#1: start worker process 252
2021/10/07 20:15:55 [notice] 1#1: start worker process 253
2021/10/07 20:15:55 [notice] 1#1: start worker process 254
2021/10/07 20:15:55 [notice] 206#206: gracefully shutting down
2021/10/07 20:15:55 [notice] 220#220: gracefully shutting down
2021/10/07 20:15:55 [notice] 207#207: gracefully shutting down
2021/10/07 20:15:55 [notice] 208#208: gracefully shutting down
2021/10/07 20:15:55 [notice] 209#209: gracefully shutting down
2021/10/07 20:15:55 [notice] 210#210: gracefully shutting down
2021/10/07 20:15:55 [notice] 211#211: gracefully shutting down
2021/10/07 20:15:55 [notice] 211#211: exiting
2021/10/07 20:15:55 [notice] 212#212: gracefully shutting down
2021/10/07 20:15:55 [notice] 214#214: gracefully shutting down
2021/10/07 20:15:55 [notice] 214#214: exiting
2021/10/07 20:15:55 [notice] 213#213: gracefully shutting down
2021/10/07 20:15:55 [notice] 215#215: gracefully shutting down
2021/10/07 20:15:55 [notice] 216#216: gracefully shutting down
2021/10/07 20:15:55 [notice] 218#218: gracefully shutting down
2021/10/07 20:15:55 [notice] 217#217: gracefully shutting down
2021/10/07 20:15:55 [notice] 219#219: gracefully shutting down
2021/10/07 20:15:55 [notice] 219#219: exiting
2021/10/07 20:15:55 [notice] 221#221: gracefully shutting down
2021/10/07 20:15:55 [notice] 223#223: gracefully shutting down
2021/10/07 20:15:55 [notice] 223#223: exiting
2021/10/07 20:15:55 [notice] 222#222: gracefully shutting down
2021/10/07 20:15:55 [notice] 224#224: gracefully shutting down
2021/10/07 20:15:55 [notice] 226#226: gracefully shutting down
2021/10/07 20:15:55 [notice] 226#226: exiting
2021/10/07 20:15:55 [notice] 225#225: gracefully shutting down
2021/10/07 20:15:55 [notice] 206#206: exiting
2021/10/07 20:15:55 [notice] 228#228: gracefully shutting down
2021/10/07 20:15:55 [notice] 228#228: exiting
2021/10/07 20:15:55 [notice] 227#227: gracefully shutting down
2021/10/07 20:15:55 [notice] 227#227: exiting
2021/10/07 20:15:55 [notice] 229#229: gracefully shutting down
2021/10/07 20:15:55 [notice] 220#220: exiting
2021/10/07 20:15:55 [notice] 207#207: exiting
2021/10/07 20:15:55 [notice] 208#208: exiting
2021/10/07 20:15:55 [notice] 209#209: exiting
2021/10/07 20:15:55 [notice] 210#210: exiting
2021/10/07 20:15:55 [notice] 211#211: exit
2021/10/07 20:15:55 [notice] 212#212: exiting
2021/10/07 20:15:55 [notice] 214#214: exit
2021/10/07 20:15:55 [notice] 213#213: exiting
2021/10/07 20:15:55 [notice] 215#215: exiting
2021/10/07 20:15:55 [notice] 216#216: exiting
2021/10/07 20:15:55 [notice] 218#218: exiting
2021/10/07 20:15:55 [notice] 217#217: exiting
2021/10/07 20:15:55 [notice] 219#219: exit
2021/10/07 20:15:55 [notice] 221#221: exiting
2021/10/07 20:15:55 [notice] 223#223: exit
2021/10/07 20:15:55 [notice] 222#222: exiting
2021/10/07 20:15:55 [notice] 224#224: exiting
2021/10/07 20:15:55 [notice] 226#226: exit
2021/10/07 20:15:55 [notice] 225#225: exiting
2021/10/07 20:15:55 [notice] 206#206: exit
2021/10/07 20:15:55 [notice] 228#228: exit
2021/10/07 20:15:55 [notice] 227#227: exit
2021/10/07 20:15:55 [notice] 229#229: exiting
2021/10/07 20:15:55 [notice] 220#220: exit
2021/10/07 20:15:55 [notice] 207#207: exit
2021/10/07 20:15:55 [notice] 208#208: exit
2021/10/07 20:15:55 [notice] 209#209: exit
2021/10/07 20:15:55 [notice] 210#210: exit
2021/10/07 20:15:55 [notice] 212#212: exit
2021/10/07 20:15:55 [notice] 213#213: exit
2021/10/07 20:15:55 [notice] 215#215: exit
2021/10/07 20:15:55 [notice] 216#216: exit
2021/10/07 20:15:55 [notice] 218#218: exit
2021/10/07 20:15:55 [notice] 217#217: exit
2021/10/07 20:15:55 [notice] 221#221: exit
2021/10/07 20:15:55 [notice] 222#222: exit
2021/10/07 20:15:55 [notice] 224#224: exit
2021/10/07 20:15:55 [notice] 225#225: exit
2021/10/07 20:15:55 [notice] 229#229: exit
2021/10/07 20:15:55 [notice] 1#1: signal 17 (SIGCHLD) received from 214
2021/10/07 20:15:55 [notice] 1#1: worker process 214 exited with code 0
2021/10/07 20:15:55 [notice] 1#1: signal 29 (SIGIO) received
2021/10/07 20:15:55 [notice] 1#1: signal 17 (SIGCHLD) received from 211
2021/10/07 20:15:55 [notice] 1#1: worker process 208 exited with code 0
2021/10/07 20:15:55 [notice] 1#1: worker process 206 exited with code 0
2021/10/07 20:15:55 [notice] 1#1: worker process 209 exited with code 0
2021/10/07 20:15:55 [notice] 1#1: worker process 210 exited with code 0
2021/10/07 20:15:55 [notice] 1#1: worker process 211 exited with code 0
2021/10/07 20:15:55 [notice] 1#1: worker process 212 exited with code 0
2021/10/07 20:15:55 [notice] 1#1: worker process 213 exited with code 0
2021/10/07 20:15:55 [notice] 1#1: worker process 215 exited with code 0
2021/10/07 20:15:55 [notice] 1#1: worker process 217 exited with code 0
2021/10/07 20:15:55 [notice] 1#1: worker process 218 exited with code 0
2021/10/07 20:15:55 [notice] 1#1: worker process 219 exited with code 0
2021/10/07 20:15:55 [notice] 1#1: worker process 220 exited with code 0
2021/10/07 20:15:55 [notice] 1#1: worker process 221 exited with code 0
2021/10/07 20:15:55 [notice] 1#1: worker process 222 exited with code 0
2021/10/07 20:15:55 [notice] 1#1: worker process 223 exited with code 0
2021/10/07 20:15:55 [notice] 1#1: worker process 224 exited with code 0
2021/10/07 20:15:55 [notice] 1#1: worker process 225 exited with code 0
2021/10/07 20:15:55 [notice] 1#1: worker process 226 exited with code 0
2021/10/07 20:15:55 [notice] 1#1: worker process 228 exited with code 0
2021/10/07 20:15:55 [notice] 1#1: worker process 229 exited with code 0
2021/10/07 20:15:55 [notice] 1#1: signal 29 (SIGIO) received
2021/10/07 20:15:55 [notice] 1#1: signal 17 (SIGCHLD) received from 222
2021/10/07 20:15:55 [notice] 1#1: worker process 227 exited with code 0
2021/10/07 20:15:55 [notice] 1#1: signal 29 (SIGIO) received
2021/10/07 20:15:55 [notice] 1#1: signal 17 (SIGCHLD) received from 207
2021/10/07 20:15:55 [notice] 1#1: worker process 207 exited with code 0
2021/10/07 20:15:55 [notice] 1#1: signal 29 (SIGIO) received
2021/10/07 20:15:55 [notice] 1#1: signal 17 (SIGCHLD) received from 216
2021/10/07 20:15:55 [notice] 1#1: worker process 216 exited with code 0
2021/10/07 20:15:55 [notice] 1#1: signal 29 (SIGIO) received
2021/10/07 20:15:56 [error] 231#231: *8 directory index of "/var/www/" is forbidden, client: 172.19.0.1, server: , request: "GET / HTTP/1.1", host: "127.0.0.1"
2021/10/07 20:16:02 [error] 231#231: *8 directory index of "/var/www/" is forbidden, client: 172.19.0.1, server: , request: "GET / HTTP/1.1", host: "127.0.0.1"
2021/10/07 20:16:10 [error] 231#231: *8 directory index of "/var/www/" is forbidden, client: 172.19.0.1, server: , request: "GET / HTTP/1.1", host: "127.0.0.1"
2021/10/07 20:16:14 [notice] 255#255: signal process started
2021/10/07 20:16:14 [notice] 1#1: signal 1 (SIGHUP) received from 255, reconfiguring
2021/10/07 20:16:14 [notice] 1#1: reconfiguring
2021/10/07 20:16:14 [notice] 1#1: using the "epoll" event method
2021/10/07 20:16:14 [notice] 1#1: start worker processes
2021/10/07 20:16:14 [notice] 1#1: start worker process 256
2021/10/07 20:16:14 [notice] 1#1: start worker process 257
2021/10/07 20:16:14 [notice] 1#1: start worker process 258
2021/10/07 20:16:14 [notice] 1#1: start worker process 259
2021/10/07 20:16:14 [notice] 1#1: start worker process 260
2021/10/07 20:16:14 [notice] 1#1: start worker process 261
2021/10/07 20:16:14 [notice] 1#1: start worker process 262
2021/10/07 20:16:14 [notice] 1#1: start worker process 263
2021/10/07 20:16:14 [notice] 1#1: start worker process 264
2021/10/07 20:16:14 [notice] 1#1: start worker process 265
2021/10/07 20:16:14 [notice] 1#1: start worker process 266
2021/10/07 20:16:14 [notice] 1#1: start worker process 267
2021/10/07 20:16:14 [notice] 1#1: start worker process 268
2021/10/07 20:16:14 [notice] 1#1: start worker process 269
2021/10/07 20:16:14 [notice] 1#1: start worker process 270
2021/10/07 20:16:14 [notice] 1#1: start worker process 271
2021/10/07 20:16:14 [notice] 1#1: start worker process 272
2021/10/07 20:16:14 [notice] 1#1: start worker process 273
2021/10/07 20:16:14 [notice] 1#1: start worker process 274
2021/10/07 20:16:14 [notice] 1#1: start worker process 275
2021/10/07 20:16:14 [notice] 1#1: start worker process 276
2021/10/07 20:16:14 [notice] 1#1: start worker process 277
2021/10/07 20:16:14 [notice] 1#1: start worker process 278
2021/10/07 20:16:14 [notice] 1#1: start worker process 279
2021/10/07 20:16:14 [notice] 231#231: gracefully shutting down
2021/10/07 20:16:14 [notice] 246#246: gracefully shutting down
2021/10/07 20:16:14 [notice] 232#232: gracefully shutting down
2021/10/07 20:16:14 [notice] 233#233: gracefully shutting down
2021/10/07 20:16:14 [notice] 234#234: gracefully shutting down
2021/10/07 20:16:14 [notice] 235#235: gracefully shutting down
2021/10/07 20:16:14 [notice] 236#236: gracefully shutting down
2021/10/07 20:16:14 [notice] 236#236: exiting
2021/10/07 20:16:14 [notice] 237#237: gracefully shutting down
2021/10/07 20:16:14 [notice] 238#238: gracefully shutting down
2021/10/07 20:16:14 [notice] 238#238: exiting
2021/10/07 20:16:14 [notice] 239#239: gracefully shutting down
2021/10/07 20:16:14 [notice] 240#240: gracefully shutting down
2021/10/07 20:16:14 [notice] 240#240: exiting
2021/10/07 20:16:14 [notice] 242#242: gracefully shutting down
2021/10/07 20:16:14 [notice] 242#242: exiting
2021/10/07 20:16:14 [notice] 241#241: gracefully shutting down
2021/10/07 20:16:14 [notice] 241#241: exiting
2021/10/07 20:16:14 [notice] 244#244: gracefully shutting down
2021/10/07 20:16:14 [notice] 244#244: exiting
2021/10/07 20:16:14 [notice] 243#243: gracefully shutting down
2021/10/07 20:16:14 [notice] 245#245: gracefully shutting down
2021/10/07 20:16:14 [notice] 245#245: exiting
2021/10/07 20:16:14 [notice] 247#247: gracefully shutting down
2021/10/07 20:16:14 [notice] 249#249: gracefully shutting down
2021/10/07 20:16:14 [notice] 248#248: gracefully shutting down
2021/10/07 20:16:14 [notice] 248#248: exiting
2021/10/07 20:16:14 [notice] 250#250: gracefully shutting down
2021/10/07 20:16:14 [notice] 231#231: exiting
2021/10/07 20:16:14 [notice] 251#251: gracefully shutting down
2021/10/07 20:16:14 [notice] 251#251: exiting
2021/10/07 20:16:14 [notice] 252#252: gracefully shutting down
2021/10/07 20:16:14 [notice] 252#252: exiting
2021/10/07 20:16:14 [notice] 253#253: gracefully shutting down
2021/10/07 20:16:14 [notice] 253#253: exiting
2021/10/07 20:16:14 [notice] 254#254: gracefully shutting down
2021/10/07 20:16:14 [notice] 254#254: exiting
2021/10/07 20:16:14 [notice] 246#246: exiting
2021/10/07 20:16:14 [notice] 232#232: exiting
2021/10/07 20:16:14 [notice] 233#233: exiting
2021/10/07 20:16:14 [notice] 234#234: exiting
2021/10/07 20:16:14 [notice] 235#235: exiting
2021/10/07 20:16:14 [notice] 236#236: exit
2021/10/07 20:16:14 [notice] 237#237: exiting
2021/10/07 20:16:14 [notice] 238#238: exit
2021/10/07 20:16:14 [notice] 239#239: exiting
2021/10/07 20:16:14 [notice] 240#240: exit
2021/10/07 20:16:14 [notice] 242#242: exit
2021/10/07 20:16:14 [notice] 241#241: exit
2021/10/07 20:16:14 [notice] 244#244: exit
2021/10/07 20:16:14 [notice] 243#243: exiting
2021/10/07 20:16:14 [notice] 245#245: exit
2021/10/07 20:16:14 [notice] 247#247: exiting
2021/10/07 20:16:14 [notice] 249#249: exiting
2021/10/07 20:16:14 [notice] 248#248: exit
2021/10/07 20:16:14 [notice] 250#250: exiting
2021/10/07 20:16:14 [notice] 231#231: exit
2021/10/07 20:16:14 [notice] 251#251: exit
2021/10/07 20:16:14 [notice] 252#252: exit
2021/10/07 20:16:14 [notice] 253#253: exit
2021/10/07 20:16:14 [notice] 254#254: exit
2021/10/07 20:16:14 [notice] 246#246: exit
2021/10/07 20:16:14 [notice] 232#232: exit
2021/10/07 20:16:14 [notice] 233#233: exit
2021/10/07 20:16:14 [notice] 234#234: exit
2021/10/07 20:16:14 [notice] 235#235: exit
2021/10/07 20:16:14 [notice] 237#237: exit
2021/10/07 20:16:14 [notice] 239#239: exit
2021/10/07 20:16:14 [notice] 243#243: exit
2021/10/07 20:16:14 [notice] 247#247: exit
2021/10/07 20:16:14 [notice] 249#249: exit
2021/10/07 20:16:14 [notice] 250#250: exit
2021/10/07 20:16:14 [notice] 1#1: signal 17 (SIGCHLD) received from 244
2021/10/07 20:16:14 [notice] 1#1: worker process 244 exited with code 0
2021/10/07 20:16:14 [notice] 1#1: signal 29 (SIGIO) received
2021/10/07 20:16:14 [notice] 1#1: signal 17 (SIGCHLD) received from 248
2021/10/07 20:16:14 [notice] 1#1: worker process 248 exited with code 0
2021/10/07 20:16:14 [notice] 1#1: signal 29 (SIGIO) received
2021/10/07 20:16:14 [notice] 1#1: signal 17 (SIGCHLD) received from 232
2021/10/07 20:16:14 [notice] 1#1: worker process 231 exited with code 0
2021/10/07 20:16:14 [notice] 1#1: worker process 232 exited with code 0
2021/10/07 20:16:14 [notice] 1#1: worker process 233 exited with code 0
2021/10/07 20:16:14 [notice] 1#1: worker process 234 exited with code 0
2021/10/07 20:16:14 [notice] 1#1: worker process 235 exited with code 0
2021/10/07 20:16:14 [notice] 1#1: worker process 236 exited with code 0
2021/10/07 20:16:14 [notice] 1#1: worker process 237 exited with code 0
2021/10/07 20:16:14 [notice] 1#1: worker process 238 exited with code 0
2021/10/07 20:16:14 [notice] 1#1: worker process 239 exited with code 0
2021/10/07 20:16:14 [notice] 1#1: worker process 241 exited with code 0
2021/10/07 20:16:14 [notice] 1#1: worker process 242 exited with code 0
2021/10/07 20:16:14 [notice] 1#1: worker process 243 exited with code 0
2021/10/07 20:16:14 [notice] 1#1: worker process 245 exited with code 0
2021/10/07 20:16:14 [notice] 1#1: worker process 246 exited with code 0
2021/10/07 20:16:14 [notice] 1#1: worker process 247 exited with code 0
2021/10/07 20:16:14 [notice] 1#1: worker process 249 exited with code 0
2021/10/07 20:16:14 [notice] 1#1: worker process 250 exited with code 0
2021/10/07 20:16:14 [notice] 1#1: worker process 251 exited with code 0
2021/10/07 20:16:14 [notice] 1#1: worker process 252 exited with code 0
2021/10/07 20:16:14 [notice] 1#1: worker process 253 exited with code 0
2021/10/07 20:16:14 [notice] 1#1: worker process 254 exited with code 0
2021/10/07 20:16:14 [notice] 1#1: signal 29 (SIGIO) received
2021/10/07 20:16:14 [notice] 1#1: signal 17 (SIGCHLD) received from 231
2021/10/07 20:16:14 [notice] 1#1: worker process 240 exited with code 0
2021/10/07 20:16:14 [notice] 1#1: signal 29 (SIGIO) received
2021/10/07 20:17:01 [error] 256#256: *9 directory index of "/var/www/public/" is forbidden, client: 172.19.0.1, server: , request: "GET / HTTP/1.1", host: "127.0.0.1"
2021/10/07 20:17:50 [error] 256#256: *9 directory index of "/var/www/public/" is forbidden, client: 172.19.0.1, server: , request: "GET / HTTP/1.1", host: "127.0.0.1"
2021/10/07 20:17:51 [error] 256#256: *9 directory index of "/var/www/public/" is forbidden, client: 172.19.0.1, server: , request: "GET / HTTP/1.1", host: "127.0.0.1"
2021/10/07 20:18:56 [notice] 280#280: signal process started
2021/10/07 20:18:56 [notice] 1#1: signal 1 (SIGHUP) received from 280, reconfiguring
2021/10/07 20:18:56 [notice] 1#1: reconfiguring
2021/10/07 20:18:56 [notice] 1#1: using the "epoll" event method
2021/10/07 20:18:56 [notice] 1#1: start worker processes
2021/10/07 20:18:56 [notice] 1#1: start worker process 281
2021/10/07 20:18:56 [notice] 1#1: start worker process 282
2021/10/07 20:18:56 [notice] 1#1: start worker process 283
2021/10/07 20:18:56 [notice] 1#1: start worker process 284
2021/10/07 20:18:56 [notice] 1#1: start worker process 285
2021/10/07 20:18:56 [notice] 1#1: start worker process 286
2021/10/07 20:18:56 [notice] 1#1: start worker process 287
2021/10/07 20:18:56 [notice] 1#1: start worker process 288
2021/10/07 20:18:56 [notice] 1#1: start worker process 289
2021/10/07 20:18:56 [notice] 1#1: start worker process 290
2021/10/07 20:18:56 [notice] 1#1: start worker process 291
2021/10/07 20:18:56 [notice] 1#1: start worker process 292
2021/10/07 20:18:56 [notice] 1#1: start worker process 293
2021/10/07 20:18:56 [notice] 1#1: start worker process 294
2021/10/07 20:18:56 [notice] 1#1: start worker process 295
2021/10/07 20:18:56 [notice] 1#1: start worker process 296
2021/10/07 20:18:56 [notice] 1#1: start worker process 297
2021/10/07 20:18:56 [notice] 1#1: start worker process 298
2021/10/07 20:18:56 [notice] 1#1: start worker process 299
2021/10/07 20:18:56 [notice] 1#1: start worker process 300
2021/10/07 20:18:56 [notice] 1#1: start worker process 301
2021/10/07 20:18:56 [notice] 1#1: start worker process 302
2021/10/07 20:18:56 [notice] 1#1: start worker process 303
2021/10/07 20:18:56 [notice] 1#1: start worker process 304
2021/10/07 20:18:56 [notice] 256#256: gracefully shutting down
2021/10/07 20:18:56 [notice] 271#271: gracefully shutting down
2021/10/07 20:18:56 [notice] 257#257: gracefully shutting down
2021/10/07 20:18:56 [notice] 258#258: gracefully shutting down
2021/10/07 20:18:56 [notice] 259#259: gracefully shutting down
2021/10/07 20:18:56 [notice] 260#260: gracefully shutting down
2021/10/07 20:18:56 [notice] 260#260: exiting
2021/10/07 20:18:56 [notice] 261#261: gracefully shutting down
2021/10/07 20:18:56 [notice] 261#261: exiting
2021/10/07 20:18:56 [notice] 262#262: gracefully shutting down
2021/10/07 20:18:56 [notice] 263#263: gracefully shutting down
2021/10/07 20:18:56 [notice] 264#264: gracefully shutting down
2021/10/07 20:18:56 [notice] 264#264: exiting
2021/10/07 20:18:56 [notice] 266#266: gracefully shutting down
2021/10/07 20:18:56 [notice] 265#265: gracefully shutting down
2021/10/07 20:18:56 [notice] 267#267: gracefully shutting down
2021/10/07 20:18:56 [notice] 268#268: gracefully shutting down
2021/10/07 20:18:56 [notice] 269#269: gracefully shutting down
2021/10/07 20:18:56 [notice] 270#270: gracefully shutting down
2021/10/07 20:18:56 [notice] 272#272: gracefully shutting down
2021/10/07 20:18:56 [notice] 274#274: gracefully shutting down
2021/10/07 20:18:56 [notice] 273#273: gracefully shutting down
2021/10/07 20:18:56 [notice] 275#275: gracefully shutting down
2021/10/07 20:18:56 [notice] 256#256: exiting
2021/10/07 20:18:56 [notice] 276#276: gracefully shutting down
2021/10/07 20:18:56 [notice] 276#276: exiting
2021/10/07 20:18:56 [notice] 277#277: gracefully shutting down
2021/10/07 20:18:56 [notice] 278#278: gracefully shutting down
2021/10/07 20:18:56 [notice] 279#279: gracefully shutting down
2021/10/07 20:18:56 [notice] 279#279: exiting
2021/10/07 20:18:56 [notice] 271#271: exiting
2021/10/07 20:18:56 [notice] 257#257: exiting
2021/10/07 20:18:56 [notice] 258#258: exiting
2021/10/07 20:18:56 [notice] 259#259: exiting
2021/10/07 20:18:56 [notice] 260#260: exit
2021/10/07 20:18:56 [notice] 261#261: exit
2021/10/07 20:18:56 [notice] 262#262: exiting
2021/10/07 20:18:56 [notice] 263#263: exiting
2021/10/07 20:18:56 [notice] 264#264: exit
2021/10/07 20:18:56 [notice] 266#266: exiting
2021/10/07 20:18:56 [notice] 265#265: exiting
2021/10/07 20:18:56 [notice] 267#267: exiting
2021/10/07 20:18:56 [notice] 268#268: exiting
2021/10/07 20:18:56 [notice] 269#269: exiting
2021/10/07 20:18:56 [notice] 270#270: exiting
2021/10/07 20:18:56 [notice] 272#272: exiting
2021/10/07 20:18:56 [notice] 274#274: exiting
2021/10/07 20:18:56 [notice] 273#273: exiting
2021/10/07 20:18:56 [notice] 275#275: exiting
2021/10/07 20:18:56 [notice] 256#256: exit
2021/10/07 20:18:56 [notice] 276#276: exit
2021/10/07 20:18:56 [notice] 277#277: exiting
2021/10/07 20:18:56 [notice] 278#278: exiting
2021/10/07 20:18:56 [notice] 279#279: exit
2021/10/07 20:18:56 [notice] 271#271: exit
2021/10/07 20:18:56 [notice] 257#257: exit
2021/10/07 20:18:56 [notice] 258#258: exit
2021/10/07 20:18:56 [notice] 259#259: exit
2021/10/07 20:18:56 [notice] 262#262: exit
2021/10/07 20:18:56 [notice] 263#263: exit
2021/10/07 20:18:56 [notice] 266#266: exit
2021/10/07 20:18:56 [notice] 265#265: exit
2021/10/07 20:18:56 [notice] 267#267: exit
2021/10/07 20:18:56 [notice] 268#268: exit
2021/10/07 20:18:56 [notice] 269#269: exit
2021/10/07 20:18:56 [notice] 270#270: exit
2021/10/07 20:18:56 [notice] 272#272: exit
2021/10/07 20:18:56 [notice] 274#274: exit
2021/10/07 20:18:56 [notice] 273#273: exit
2021/10/07 20:18:56 [notice] 275#275: exit
2021/10/07 20:18:56 [notice] 277#277: exit
2021/10/07 20:18:56 [notice] 278#278: exit
2021/10/07 20:18:56 [notice] 1#1: signal 17 (SIGCHLD) received from 260
2021/10/07 20:18:56 [notice] 1#1: worker process 260 exited with code 0
2021/10/07 20:18:56 [notice] 1#1: signal 29 (SIGIO) received
2021/10/07 20:18:56 [notice] 1#1: signal 17 (SIGCHLD) received from 264
2021/10/07 20:18:56 [notice] 1#1: worker process 264 exited with code 0
2021/10/07 20:18:56 [notice] 1#1: signal 29 (SIGIO) received
2021/10/07 20:18:56 [notice] 1#1: signal 17 (SIGCHLD) received from 268
2021/10/07 20:18:56 [notice] 1#1: worker process 259 exited with code 0
2021/10/07 20:18:56 [notice] 1#1: worker process 256 exited with code 0
2021/10/07 20:18:56 [notice] 1#1: worker process 258 exited with code 0
2021/10/07 20:18:56 [notice] 1#1: worker process 261 exited with code 0
2021/10/07 20:18:56 [notice] 1#1: worker process 262 exited with code 0
2021/10/07 20:18:56 [notice] 1#1: worker process 266 exited with code 0
2021/10/07 20:18:56 [notice] 1#1: worker process 267 exited with code 0
2021/10/07 20:18:56 [notice] 1#1: worker process 268 exited with code 0
2021/10/07 20:18:56 [notice] 1#1: worker process 269 exited with code 0
2021/10/07 20:18:56 [notice] 1#1: worker process 270 exited with code 0
2021/10/07 20:18:56 [notice] 1#1: worker process 271 exited with code 0
2021/10/07 20:18:56 [notice] 1#1: worker process 273 exited with code 0
2021/10/07 20:18:56 [notice] 1#1: worker process 275 exited with code 0
2021/10/07 20:18:56 [notice] 1#1: worker process 276 exited with code 0
2021/10/07 20:18:56 [notice] 1#1: worker process 277 exited with code 0
2021/10/07 20:18:56 [notice] 1#1: worker process 278 exited with code 0
2021/10/07 20:18:56 [notice] 1#1: signal 29 (SIGIO) received
2021/10/07 20:18:56 [notice] 1#1: signal 17 (SIGCHLD) received from 276
2021/10/07 20:18:56 [notice] 1#1: signal 17 (SIGCHLD) received from 265
2021/10/07 20:18:56 [notice] 1#1: worker process 265 exited with code 0
2021/10/07 20:18:56 [notice] 1#1: worker process 272 exited with code 0
2021/10/07 20:18:56 [notice] 1#1: signal 29 (SIGIO) received
2021/10/07 20:18:56 [notice] 1#1: signal 17 (SIGCHLD) received from 272
2021/10/07 20:18:56 [notice] 1#1: signal 17 (SIGCHLD) received from 279
2021/10/07 20:18:56 [notice] 1#1: worker process 279 exited with code 0
2021/10/07 20:18:56 [notice] 1#1: signal 29 (SIGIO) received
2021/10/07 20:18:56 [notice] 1#1: signal 17 (SIGCHLD) received from 274
2021/10/07 20:18:56 [notice] 1#1: worker process 257 exited with code 0
2021/10/07 20:18:56 [notice] 1#1: worker process 263 exited with code 0
2021/10/07 20:18:56 [notice] 1#1: worker process 274 exited with code 0
2021/10/07 20:18:56 [notice] 1#1: signal 29 (SIGIO) received
2021/10/07 20:18:56 [notice] 1#1: signal 17 (SIGCHLD) received from 263
2021/10/07 20:19:54 [notice] 305#305: signal process started
2021/10/07 20:19:54 [notice] 1#1: signal 1 (SIGHUP) received from 305, reconfiguring
2021/10/07 20:19:54 [notice] 1#1: reconfiguring
2021/10/07 20:19:54 [notice] 1#1: using the "epoll" event method
2021/10/07 20:19:54 [notice] 1#1: start worker processes
2021/10/07 20:19:54 [notice] 1#1: start worker process 306
2021/10/07 20:19:54 [notice] 1#1: start worker process 307
2021/10/07 20:19:54 [notice] 1#1: start worker process 308
2021/10/07 20:19:54 [notice] 1#1: start worker process 309
2021/10/07 20:19:54 [notice] 1#1: start worker process 310
2021/10/07 20:19:54 [notice] 1#1: start worker process 311
2021/10/07 20:19:54 [notice] 1#1: start worker process 312
2021/10/07 20:19:54 [notice] 1#1: start worker process 313
2021/10/07 20:19:54 [notice] 1#1: start worker process 314
2021/10/07 20:19:54 [notice] 1#1: start worker process 315
2021/10/07 20:19:54 [notice] 1#1: start worker process 316
2021/10/07 20:19:54 [notice] 1#1: start worker process 317
2021/10/07 20:19:54 [notice] 1#1: start worker process 318
2021/10/07 20:19:54 [notice] 1#1: start worker process 319
2021/10/07 20:19:54 [notice] 1#1: start worker process 320
2021/10/07 20:19:54 [notice] 1#1: start worker process 321
2021/10/07 20:19:54 [notice] 1#1: start worker process 322
2021/10/07 20:19:54 [notice] 1#1: start worker process 323
2021/10/07 20:19:54 [notice] 1#1: start worker process 324
2021/10/07 20:19:54 [notice] 1#1: start worker process 325
2021/10/07 20:19:54 [notice] 1#1: start worker process 326
2021/10/07 20:19:54 [notice] 1#1: start worker process 327
2021/10/07 20:19:54 [notice] 1#1: start worker process 328
2021/10/07 20:19:54 [notice] 1#1: start worker process 329
2021/10/07 20:19:54 [notice] 281#281: gracefully shutting down
2021/10/07 20:19:54 [notice] 296#296: gracefully shutting down
2021/10/07 20:19:54 [notice] 282#282: gracefully shutting down
2021/10/07 20:19:54 [notice] 283#283: gracefully shutting down
2021/10/07 20:19:54 [notice] 283#283: exiting
2021/10/07 20:19:54 [notice] 286#286: gracefully shutting down
2021/10/07 20:19:54 [notice] 284#284: gracefully shutting down
2021/10/07 20:19:54 [notice] 284#284: exiting
2021/10/07 20:19:54 [notice] 285#285: gracefully shutting down
2021/10/07 20:19:54 [notice] 287#287: gracefully shutting down
2021/10/07 20:19:54 [notice] 287#287: exiting
2021/10/07 20:19:54 [notice] 288#288: gracefully shutting down
2021/10/07 20:19:54 [notice] 289#289: gracefully shutting down
2021/10/07 20:19:54 [notice] 289#289: exiting
2021/10/07 20:19:54 [notice] 290#290: gracefully shutting down
2021/10/07 20:19:54 [notice] 293#293: gracefully shutting down
2021/10/07 20:19:54 [notice] 293#293: exiting
2021/10/07 20:19:54 [notice] 292#292: gracefully shutting down
2021/10/07 20:19:54 [notice] 291#291: gracefully shutting down
2021/10/07 20:19:54 [notice] 295#295: gracefully shutting down
2021/10/07 20:19:54 [notice] 295#295: exiting
2021/10/07 20:19:54 [notice] 294#294: gracefully shutting down
2021/10/07 20:19:54 [notice] 294#294: exiting
2021/10/07 20:19:54 [notice] 297#297: gracefully shutting down
2021/10/07 20:19:54 [notice] 298#298: gracefully shutting down
2021/10/07 20:19:54 [notice] 298#298: exiting
2021/10/07 20:19:54 [notice] 299#299: gracefully shutting down
2021/10/07 20:19:54 [notice] 300#300: gracefully shutting down
2021/10/07 20:19:54 [notice] 300#300: exiting
2021/10/07 20:19:54 [notice] 281#281: exiting
2021/10/07 20:19:54 [notice] 302#302: gracefully shutting down
2021/10/07 20:19:54 [notice] 301#301: gracefully shutting down
2021/10/07 20:19:54 [notice] 304#304: gracefully shutting down
2021/10/07 20:19:54 [notice] 303#303: gracefully shutting down
2021/10/07 20:19:54 [notice] 296#296: exiting
2021/10/07 20:19:54 [notice] 282#282: exiting
2021/10/07 20:19:54 [notice] 283#283: exit
2021/10/07 20:19:54 [notice] 286#286: exiting
2021/10/07 20:19:54 [notice] 284#284: exit
2021/10/07 20:19:54 [notice] 285#285: exiting
2021/10/07 20:19:54 [notice] 287#287: exit
2021/10/07 20:19:54 [notice] 288#288: exiting
2021/10/07 20:19:54 [notice] 289#289: exit
2021/10/07 20:19:54 [notice] 290#290: exiting
2021/10/07 20:19:54 [notice] 293#293: exit
2021/10/07 20:19:54 [notice] 292#292: exiting
2021/10/07 20:19:54 [notice] 291#291: exiting
2021/10/07 20:19:54 [notice] 295#295: exit
2021/10/07 20:19:54 [notice] 294#294: exit
2021/10/07 20:19:54 [notice] 297#297: exiting
2021/10/07 20:19:54 [notice] 298#298: exit
2021/10/07 20:19:54 [notice] 299#299: exiting
2021/10/07 20:19:54 [notice] 300#300: exit
2021/10/07 20:19:54 [notice] 281#281: exit
2021/10/07 20:19:54 [notice] 302#302: exiting
2021/10/07 20:19:54 [notice] 301#301: exiting
2021/10/07 20:19:54 [notice] 304#304: exiting
2021/10/07 20:19:54 [notice] 303#303: exiting
2021/10/07 20:19:54 [notice] 303#303: exit
2021/10/07 20:19:54 [notice] 296#296: exit
2021/10/07 20:19:54 [notice] 282#282: exit
2021/10/07 20:19:54 [notice] 286#286: exit
2021/10/07 20:19:54 [notice] 285#285: exit
2021/10/07 20:19:54 [notice] 288#288: exit
2021/10/07 20:19:54 [notice] 290#290: exit
2021/10/07 20:19:54 [notice] 292#292: exit
2021/10/07 20:19:54 [notice] 291#291: exit
2021/10/07 20:19:54 [notice] 297#297: exit
2021/10/07 20:19:54 [notice] 299#299: exit
2021/10/07 20:19:54 [notice] 302#302: exit
2021/10/07 20:19:54 [notice] 301#301: exit
2021/10/07 20:19:54 [notice] 304#304: exit
2021/10/07 20:19:54 [notice] 1#1: signal 17 (SIGCHLD) received from 303
2021/10/07 20:19:54 [notice] 1#1: worker process 282 exited with code 0
2021/10/07 20:19:54 [notice] 1#1: worker process 284 exited with code 0
2021/10/07 20:19:54 [notice] 1#1: worker process 293 exited with code 0
2021/10/07 20:19:54 [notice] 1#1: worker process 297 exited with code 0
2021/10/07 20:19:54 [notice] 1#1: worker process 303 exited with code 0
2021/10/07 20:19:54 [notice] 1#1: signal 29 (SIGIO) received
2021/10/07 20:19:54 [notice] 1#1: signal 17 (SIGCHLD) received from 282
2021/10/07 20:19:54 [notice] 1#1: signal 17 (SIGCHLD) received from 289
2021/10/07 20:19:54 [notice] 1#1: worker process 289 exited with code 0
2021/10/07 20:19:54 [notice] 1#1: signal 29 (SIGIO) received
2021/10/07 20:19:54 [notice] 1#1: signal 17 (SIGCHLD) received from 298
2021/10/07 20:19:54 [notice] 1#1: worker process 281 exited with code 0
2021/10/07 20:19:54 [notice] 1#1: worker process 283 exited with code 0
2021/10/07 20:19:54 [notice] 1#1: worker process 285 exited with code 0
2021/10/07 20:19:54 [notice] 1#1: worker process 286 exited with code 0
2021/10/07 20:19:54 [notice] 1#1: worker process 287 exited with code 0
2021/10/07 20:19:54 [notice] 1#1: worker process 288 exited with code 0
2021/10/07 20:19:54 [notice] 1#1: worker process 290 exited with code 0
2021/10/07 20:19:54 [notice] 1#1: worker process 291 exited with code 0
2021/10/07 20:19:54 [notice] 1#1: worker process 292 exited with code 0
2021/10/07 20:19:54 [notice] 1#1: worker process 294 exited with code 0
2021/10/07 20:19:54 [notice] 1#1: worker process 295 exited with code 0
2021/10/07 20:19:54 [notice] 1#1: worker process 296 exited with code 0
2021/10/07 20:19:54 [notice] 1#1: worker process 298 exited with code 0
2021/10/07 20:19:54 [notice] 1#1: worker process 299 exited with code 0
2021/10/07 20:19:54 [notice] 1#1: worker process 300 exited with code 0
2021/10/07 20:19:54 [notice] 1#1: worker process 302 exited with code 0
2021/10/07 20:19:54 [notice] 1#1: worker process 304 exited with code 0
2021/10/07 20:19:54 [notice] 1#1: signal 29 (SIGIO) received
2021/10/07 20:19:54 [notice] 1#1: signal 17 (SIGCHLD) received from 281
2021/10/07 20:19:54 [notice] 1#1: worker process 301 exited with code 0
2021/10/07 20:19:54 [notice] 1#1: signal 29 (SIGIO) received
2021/10/07 20:20:39 [notice] 330#330: signal process started
2021/10/07 20:20:39 [notice] 1#1: signal 1 (SIGHUP) received from 330, reconfiguring
2021/10/07 20:20:39 [notice] 1#1: reconfiguring
2021/10/07 20:20:39 [notice] 1#1: using the "epoll" event method
2021/10/07 20:20:39 [notice] 1#1: start worker processes
2021/10/07 20:20:39 [notice] 1#1: start worker process 331
2021/10/07 20:20:39 [notice] 1#1: start worker process 332
2021/10/07 20:20:39 [notice] 1#1: start worker process 333
2021/10/07 20:20:39 [notice] 1#1: start worker process 334
2021/10/07 20:20:39 [notice] 1#1: start worker process 335
2021/10/07 20:20:39 [notice] 1#1: start worker process 336
2021/10/07 20:20:39 [notice] 1#1: start worker process 337
2021/10/07 20:20:39 [notice] 1#1: start worker process 338
2021/10/07 20:20:39 [notice] 1#1: start worker process 339
2021/10/07 20:20:39 [notice] 1#1: start worker process 340
2021/10/07 20:20:39 [notice] 1#1: start worker process 341
2021/10/07 20:20:39 [notice] 1#1: start worker process 342
2021/10/07 20:20:39 [notice] 1#1: start worker process 343
2021/10/07 20:20:39 [notice] 1#1: start worker process 344
2021/10/07 20:20:39 [notice] 1#1: start worker process 345
2021/10/07 20:20:39 [notice] 1#1: start worker process 346
2021/10/07 20:20:39 [notice] 1#1: start worker process 347
2021/10/07 20:20:39 [notice] 1#1: start worker process 348
2021/10/07 20:20:39 [notice] 1#1: start worker process 349
2021/10/07 20:20:39 [notice] 1#1: start worker process 350
2021/10/07 20:20:39 [notice] 1#1: start worker process 351
2021/10/07 20:20:39 [notice] 1#1: start worker process 352
2021/10/07 20:20:39 [notice] 1#1: start worker process 353
2021/10/07 20:20:39 [notice] 1#1: start worker process 354
2021/10/07 20:20:39 [notice] 306#306: gracefully shutting down
2021/10/07 20:20:39 [notice] 322#322: gracefully shutting down
2021/10/07 20:20:39 [notice] 307#307: gracefully shutting down
2021/10/07 20:20:39 [notice] 308#308: gracefully shutting down
2021/10/07 20:20:39 [notice] 309#309: gracefully shutting down
2021/10/07 20:20:39 [notice] 310#310: gracefully shutting down
2021/10/07 20:20:39 [notice] 311#311: gracefully shutting down
2021/10/07 20:20:39 [notice] 313#313: gracefully shutting down
2021/10/07 20:20:39 [notice] 313#313: exiting
2021/10/07 20:20:39 [notice] 312#312: gracefully shutting down
2021/10/07 20:20:39 [notice] 314#314: gracefully shutting down
2021/10/07 20:20:39 [notice] 315#315: gracefully shutting down
2021/10/07 20:20:39 [notice] 315#315: exiting
2021/10/07 20:20:39 [notice] 316#316: gracefully shutting down
2021/10/07 20:20:39 [notice] 316#316: exiting
2021/10/07 20:20:39 [notice] 317#317: gracefully shutting down
2021/10/07 20:20:39 [notice] 317#317: exiting
2021/10/07 20:20:39 [notice] 318#318: gracefully shutting down
2021/10/07 20:20:39 [notice] 318#318: exiting
2021/10/07 20:20:39 [notice] 319#319: gracefully shutting down
2021/10/07 20:20:39 [notice] 320#320: gracefully shutting down
2021/10/07 20:20:39 [notice] 320#320: exiting
2021/10/07 20:20:39 [notice] 321#321: gracefully shutting down
2021/10/07 20:20:39 [notice] 321#321: exiting
2021/10/07 20:20:39 [notice] 323#323: gracefully shutting down
2021/10/07 20:20:39 [notice] 323#323: exiting
2021/10/07 20:20:39 [notice] 325#325: gracefully shutting down
2021/10/07 20:20:39 [notice] 325#325: exiting
2021/10/07 20:20:39 [notice] 324#324: gracefully shutting down
2021/10/07 20:20:39 [notice] 324#324: exiting
2021/10/07 20:20:39 [notice] 326#326: gracefully shutting down
2021/10/07 20:20:39 [notice] 327#327: gracefully shutting down
2021/10/07 20:20:39 [notice] 327#327: exiting
2021/10/07 20:20:39 [notice] 306#306: exiting
2021/10/07 20:20:39 [notice] 328#328: gracefully shutting down
2021/10/07 20:20:39 [notice] 328#328: exiting
2021/10/07 20:20:39 [notice] 329#329: gracefully shutting down
2021/10/07 20:20:39 [notice] 322#322: exiting
2021/10/07 20:20:39 [notice] 307#307: exiting
2021/10/07 20:20:39 [notice] 308#308: exiting
2021/10/07 20:20:39 [notice] 309#309: exiting
2021/10/07 20:20:39 [notice] 310#310: exiting
2021/10/07 20:20:39 [notice] 311#311: exiting
2021/10/07 20:20:39 [notice] 313#313: exit
2021/10/07 20:20:39 [notice] 312#312: exiting
2021/10/07 20:20:39 [notice] 314#314: exiting
2021/10/07 20:20:39 [notice] 315#315: exit
2021/10/07 20:20:39 [notice] 316#316: exit
2021/10/07 20:20:39 [notice] 317#317: exit
2021/10/07 20:20:39 [notice] 318#318: exit
2021/10/07 20:20:39 [notice] 319#319: exiting
2021/10/07 20:20:39 [notice] 320#320: exit
2021/10/07 20:20:39 [notice] 321#321: exit
2021/10/07 20:20:39 [notice] 323#323: exit
2021/10/07 20:20:39 [notice] 325#325: exit
2021/10/07 20:20:39 [notice] 324#324: exit
2021/10/07 20:20:39 [notice] 326#326: exiting
2021/10/07 20:20:39 [notice] 327#327: exit
2021/10/07 20:20:39 [notice] 306#306: exit
2021/10/07 20:20:39 [notice] 328#328: exit
2021/10/07 20:20:39 [notice] 329#329: exiting
2021/10/07 20:20:39 [notice] 322#322: exit
2021/10/07 20:20:39 [notice] 307#307: exit
2021/10/07 20:20:39 [notice] 308#308: exit
2021/10/07 20:20:39 [notice] 309#309: exit
2021/10/07 20:20:39 [notice] 310#310: exit
2021/10/07 20:20:39 [notice] 311#311: exit
2021/10/07 20:20:39 [notice] 312#312: exit
2021/10/07 20:20:39 [notice] 314#314: exit
2021/10/07 20:20:39 [notice] 319#319: exit
2021/10/07 20:20:39 [notice] 326#326: exit
2021/10/07 20:20:39 [notice] 329#329: exit
2021/10/07 20:20:39 [notice] 1#1: signal 17 (SIGCHLD) received from 306
2021/10/07 20:20:39 [notice] 1#1: worker process 306 exited with code 0
2021/10/07 20:20:39 [notice] 1#1: worker process 317 exited with code 0
2021/10/07 20:20:39 [notice] 1#1: signal 29 (SIGIO) received
2021/10/07 20:20:39 [notice] 1#1: signal 17 (SIGCHLD) received from 329
2021/10/07 20:20:39 [notice] 1#1: worker process 307 exited with code 0
2021/10/07 20:20:39 [notice] 1#1: worker process 308 exited with code 0
2021/10/07 20:20:39 [notice] 1#1: worker process 309 exited with code 0
2021/10/07 20:20:39 [notice] 1#1: worker process 310 exited with code 0
2021/10/07 20:20:39 [notice] 1#1: worker process 311 exited with code 0
2021/10/07 20:20:39 [notice] 1#1: worker process 312 exited with code 0
2021/10/07 20:20:39 [notice] 1#1: worker process 313 exited with code 0
2021/10/07 20:20:39 [notice] 1#1: worker process 314 exited with code 0
2021/10/07 20:20:39 [notice] 1#1: worker process 315 exited with code 0
2021/10/07 20:20:39 [notice] 1#1: worker process 316 exited with code 0
2021/10/07 20:20:39 [notice] 1#1: worker process 318 exited with code 0
2021/10/07 20:20:39 [notice] 1#1: worker process 319 exited with code 0
2021/10/07 20:20:39 [notice] 1#1: worker process 321 exited with code 0
2021/10/07 20:20:39 [notice] 1#1: worker process 322 exited with code 0
2021/10/07 20:20:39 [notice] 1#1: worker process 323 exited with code 0
2021/10/07 20:20:39 [notice] 1#1: worker process 324 exited with code 0
2021/10/07 20:20:39 [notice] 1#1: worker process 325 exited with code 0
2021/10/07 20:20:39 [notice] 1#1: worker process 326 exited with code 0
2021/10/07 20:20:39 [notice] 1#1: worker process 327 exited with code 0
2021/10/07 20:20:39 [notice] 1#1: worker process 328 exited with code 0
2021/10/07 20:20:39 [notice] 1#1: worker process 329 exited with code 0
2021/10/07 20:20:39 [notice] 1#1: signal 29 (SIGIO) received
2021/10/07 20:20:39 [notice] 1#1: signal 17 (SIGCHLD) received from 318
2021/10/07 20:20:39 [notice] 1#1: worker process 320 exited with code 0
2021/10/07 20:20:39 [notice] 1#1: signal 29 (SIGIO) received
